#-----------------------------------------------------------
# Vivado v2018.3 (64-bit)
# SW Build 2405991 on Thu Dec  6 23:36:41 MST 2018
# IP Build 2404404 on Fri Dec  7 01:43:56 MST 2018
# Start of session at: Mon Jun 10 15:08:19 2019
# Process ID: 30633
# Current directory: /home/lhq/Workspace/MIPS
# Command line: vivado
# Log file: /home/lhq/Workspace/MIPS/vivado.log
# Journal file: /home/lhq/Workspace/MIPS/vivado.jou
#-----------------------------------------------------------
start_gui
open_project /home/lhq/Workspace/MIPS/pipeline-cache/lab4-pipeline-cache/lab4-pipeline-cache.xpr
Scanning sources...
Finished scanning sources
INFO: [IP_Flow 19-234] Refreshing IP repositories
INFO: [IP_Flow 19-1704] No user IP repositories specified
INFO: [IP_Flow 19-2313] Loaded Vivado IP repository '/home/lhq/Workspace/Xilinx/Vivado/2018.3/data/ip'.
open_project: Time (s): cpu = 00:00:18 ; elapsed = 00:00:06 . Memory (MB): peak = 6342.766 ; gain = 72.465 ; free physical = 1827 ; free virtual = 8801
update_compile_order -fileset sources_1
launch_simulation
INFO: [Vivado 12-5682] Launching behavioral simulation in '/home/lhq/Workspace/MIPS/pipeline-cache/lab4-pipeline-cache/lab4-pipeline-cache.sim/sim_1/behav/xsim'
INFO: [SIM-utils-51] Simulation object is 'sim_1'
INFO: [SIM-utils-54] Inspecting design source files for 'MIPS_tb' in fileset 'sim_1'...
INFO: [USF-XSim-97] Finding global include files...
INFO: [USF-XSim-98] Fetching design files from 'sim_1'...
INFO: [USF-XSim-2] XSim::Compile design
INFO: [USF-XSim-61] Executing 'COMPILE and ANALYZE' step in '/home/lhq/Workspace/MIPS/pipeline-cache/lab4-pipeline-cache/lab4-pipeline-cache.sim/sim_1/behav/xsim'
xvlog --incr --relax -prj MIPS_tb_vlog.prj
INFO: [VRFC 10-2263] Analyzing Verilog file "/home/lhq/Workspace/MIPS/pipeline-cache/cache.v" into library xil_defaultlib
INFO: [VRFC 10-311] analyzing module Memory
INFO: [VRFC 10-311] analyzing module RAM
INFO: [VRFC 10-311] analyzing module Cache
INFO: [VRFC 10-2263] Analyzing Verilog file "/home/lhq/Workspace/MIPS/pipeline-cache/mips-pipeline.v" into library xil_defaultlib
INFO: [VRFC 10-311] analyzing module top
INFO: [VRFC 10-311] analyzing module Display
INFO: [VRFC 10-311] analyzing module clkdiv
INFO: [VRFC 10-311] analyzing module MIPSTop
INFO: [VRFC 10-311] analyzing module IMem
INFO: [VRFC 10-311] analyzing module DMem
INFO: [VRFC 10-311] analyzing module MIPS
INFO: [VRFC 10-311] analyzing module ALUDecoder
INFO: [VRFC 10-311] analyzing module ControlUnit
INFO: [VRFC 10-311] analyzing module RegisterFile
INFO: [VRFC 10-311] analyzing module Controller
INFO: [VRFC 10-311] analyzing module Datapath
INFO: [VRFC 10-311] analyzing module Hazard
INFO: [VRFC 10-311] analyzing module flopr
INFO: [VRFC 10-311] analyzing module floprc
INFO: [VRFC 10-311] analyzing module flopenr
INFO: [VRFC 10-311] analyzing module flopenrc
INFO: [VRFC 10-311] analyzing module ALU
INFO: [VRFC 10-2263] Analyzing Verilog file "/home/lhq/Workspace/MIPS/pipeline-cache/testbench.v" into library xil_defaultlib
INFO: [VRFC 10-311] analyzing module RAMCache_tb
INFO: [VRFC 10-311] analyzing module Hazard_tb
INFO: [VRFC 10-311] analyzing module Instr_tb
INFO: [VRFC 10-311] analyzing module MIPS_tb
INFO: [USF-XSim-69] 'compile' step finished in '2' seconds
INFO: [USF-XSim-3] XSim::Elaborate design
INFO: [USF-XSim-61] Executing 'ELABORATE' step in '/home/lhq/Workspace/MIPS/pipeline-cache/lab4-pipeline-cache/lab4-pipeline-cache.sim/sim_1/behav/xsim'
Vivado Simulator 2018.3
Copyright 1986-1999, 2001-2018 Xilinx, Inc. All Rights Reserved.
Running: /home/lhq/Workspace/Xilinx/Vivado/2018.3/bin/unwrapped/lnx64.o/xelab -wto adf6295e29a7467294dba3dda1bb032e --incr --debug typical --relax --mt 8 -L xil_defaultlib -L unisims_ver -L unimacro_ver -L secureip --snapshot MIPS_tb_behav xil_defaultlib.MIPS_tb xil_defaultlib.glbl -log elaborate.log 
Using 8 slave threads.
Starting static elaboration
WARNING: [VRFC 10-3091] actual bit length 32 differs from formal bit length 1 for port 'RST' [/home/lhq/Workspace/MIPS/pipeline-cache/cache.v:108]
WARNING: [VRFC 10-3091] actual bit length 32 differs from formal bit length 1 for port 'RST' [/home/lhq/Workspace/MIPS/pipeline-cache/cache.v:109]
Completed static elaboration
Starting simulation data flow analysis
WARNING: [XSIM 43-4099] "/home/lhq/Workspace/MIPS/pipeline-cache/cache.v" Line 74. Module Memory(s=4) doesn't have a timescale but at least one module in design has a timescale.
WARNING: [XSIM 43-4099] "/home/lhq/Workspace/MIPS/pipeline-cache/cache.v" Line 239. Module Cache(s=4) doesn't have a timescale but at least one module in design has a timescale.
WARNING: [XSIM 43-4099] "/home/lhq/Workspace/MIPS/pipeline-cache/cache.v" Line 169. Module RAM doesn't have a timescale but at least one module in design has a timescale.
Completed simulation data flow analysis
Time Resolution for simulation is 1ps
Compiling module xil_defaultlib.ALUDecoder
Compiling module xil_defaultlib.ControlUnit
Compiling module xil_defaultlib.flopenrc(WIDTH=32)
Compiling module xil_defaultlib.flopenr(WIDTH=32)
Compiling module xil_defaultlib.floprc(WIDTH=32)
Compiling module xil_defaultlib.Controller
Compiling module xil_defaultlib.RegisterFile
Compiling module xil_defaultlib.flopenrc(WIDTH=5)
Compiling module xil_defaultlib.ALU
Compiling module xil_defaultlib.flopenr(WIDTH=5)
Compiling module xil_defaultlib.floprc(WIDTH=5)
Compiling module xil_defaultlib.Hazard
Compiling module xil_defaultlib.Datapath
Compiling module xil_defaultlib.MIPS
Compiling module xil_defaultlib.IMem_default
Compiling module xil_defaultlib.Cache(s=4)
Compiling module xil_defaultlib.RAM
Compiling module xil_defaultlib.Memory(s=4)
Compiling module xil_defaultlib.MIPSTop
Compiling module xil_defaultlib.MIPS_tb
Compiling module xil_defaultlib.glbl
Built simulation snapshot MIPS_tb_behav
INFO: [USF-XSim-69] 'elaborate' step finished in '3' seconds
INFO: [USF-XSim-4] XSim::Simulate design
INFO: [USF-XSim-61] Executing 'SIMULATE' step in '/home/lhq/Workspace/MIPS/pipeline-cache/lab4-pipeline-cache/lab4-pipeline-cache.sim/sim_1/behav/xsim'
INFO: [USF-XSim-98] *** Running xsim
   with args "MIPS_tb_behav -key {Behavioral:sim_1:Functional:MIPS_tb} -tclbatch {MIPS_tb.tcl} -log {simulate.log}"
INFO: [USF-XSim-8] Loading simulator feature
Vivado Simulator 2018.3
Time resolution is 1 ps
source MIPS_tb.tcl
# set curr_wave [current_wave_config]
# if { [string length $curr_wave] == 0 } {
#   if { [llength [get_objects]] > 0} {
#     add_wave /
#     set_property needs_save false [current_wave_config]
#   } else {
#      send_msg_id Add_Wave-1 WARNING "No top level signals found. Simulator will start without a wave window. If you want to open a wave window go to 'File->New Waveform Configuration' or type 'create_wave_config' in the TCL console."
#   }
# }
# run 1000ns
xsim: Time (s): cpu = 00:00:17 ; elapsed = 00:00:05 . Memory (MB): peak = 6466.461 ; gain = 67.652 ; free physical = 1805 ; free virtual = 8782
INFO: [USF-XSim-96] XSim completed. Design snapshot 'MIPS_tb_behav' loaded.
INFO: [USF-XSim-97] XSim simulation ran for 1000ns
launch_simulation: Time (s): cpu = 00:00:33 ; elapsed = 00:00:11 . Memory (MB): peak = 6466.461 ; gain = 105.676 ; free physical = 1805 ; free virtual = 8782
relaunch_sim
INFO: [Vivado 12-5682] Launching behavioral simulation in '/home/lhq/Workspace/MIPS/pipeline-cache/lab4-pipeline-cache/lab4-pipeline-cache.sim/sim_1/behav/xsim'
INFO: [SIM-utils-51] Simulation object is 'sim_1'
INFO: [SIM-utils-54] Inspecting design source files for 'MIPS_tb' in fileset 'sim_1'...
INFO: [USF-XSim-97] Finding global include files...
INFO: [USF-XSim-98] Fetching design files from 'sim_1'...
INFO: [USF-XSim-2] XSim::Compile design
INFO: [USF-XSim-61] Executing 'COMPILE and ANALYZE' step in '/home/lhq/Workspace/MIPS/pipeline-cache/lab4-pipeline-cache/lab4-pipeline-cache.sim/sim_1/behav/xsim'
xvlog --incr --relax -prj MIPS_tb_vlog.prj
INFO: [VRFC 10-2263] Analyzing Verilog file "/home/lhq/Workspace/MIPS/pipeline-cache/cache.v" into library xil_defaultlib
INFO: [VRFC 10-311] analyzing module Memory
INFO: [VRFC 10-311] analyzing module RAM
INFO: [VRFC 10-311] analyzing module Cache
INFO: [VRFC 10-2263] Analyzing Verilog file "/home/lhq/Workspace/MIPS/pipeline-cache/mips-pipeline.v" into library xil_defaultlib
INFO: [VRFC 10-311] analyzing module top
INFO: [VRFC 10-311] analyzing module Display
INFO: [VRFC 10-311] analyzing module clkdiv
INFO: [VRFC 10-311] analyzing module MIPSTop
INFO: [VRFC 10-311] analyzing module IMem
INFO: [VRFC 10-311] analyzing module DMem
INFO: [VRFC 10-311] analyzing module MIPS
INFO: [VRFC 10-311] analyzing module ALUDecoder
INFO: [VRFC 10-311] analyzing module ControlUnit
INFO: [VRFC 10-311] analyzing module RegisterFile
INFO: [VRFC 10-311] analyzing module Controller
INFO: [VRFC 10-311] analyzing module Datapath
INFO: [VRFC 10-311] analyzing module Hazard
INFO: [VRFC 10-311] analyzing module flopr
INFO: [VRFC 10-311] analyzing module floprc
INFO: [VRFC 10-311] analyzing module flopenr
INFO: [VRFC 10-311] analyzing module flopenrc
INFO: [VRFC 10-311] analyzing module ALU
INFO: [VRFC 10-2263] Analyzing Verilog file "/home/lhq/Workspace/MIPS/pipeline-cache/testbench.v" into library xil_defaultlib
INFO: [VRFC 10-311] analyzing module RAMCache_tb
INFO: [VRFC 10-311] analyzing module Hazard_tb
INFO: [VRFC 10-311] analyzing module Instr_tb
INFO: [VRFC 10-311] analyzing module MIPS_tb
INFO: [USF-XSim-69] 'compile' step finished in '1' seconds
INFO: [Vivado 12-5682] Launching behavioral simulation in '/home/lhq/Workspace/MIPS/pipeline-cache/lab4-pipeline-cache/lab4-pipeline-cache.sim/sim_1/behav/xsim'
INFO: [USF-XSim-3] XSim::Elaborate design
INFO: [USF-XSim-61] Executing 'ELABORATE' step in '/home/lhq/Workspace/MIPS/pipeline-cache/lab4-pipeline-cache/lab4-pipeline-cache.sim/sim_1/behav/xsim'
Vivado Simulator 2018.3
Copyright 1986-1999, 2001-2018 Xilinx, Inc. All Rights Reserved.
Running: /home/lhq/Workspace/Xilinx/Vivado/2018.3/bin/unwrapped/lnx64.o/xelab -wto adf6295e29a7467294dba3dda1bb032e --incr --debug typical --relax --mt 8 -L xil_defaultlib -L unisims_ver -L unimacro_ver -L secureip --snapshot MIPS_tb_behav xil_defaultlib.MIPS_tb xil_defaultlib.glbl -log elaborate.log 
Using 8 slave threads.
Starting static elaboration
WARNING: [VRFC 10-3091] actual bit length 32 differs from formal bit length 1 for port 'RST' [/home/lhq/Workspace/MIPS/pipeline-cache/cache.v:108]
WARNING: [VRFC 10-3091] actual bit length 32 differs from formal bit length 1 for port 'RST' [/home/lhq/Workspace/MIPS/pipeline-cache/cache.v:109]
Completed static elaboration
Starting simulation data flow analysis
WARNING: [XSIM 43-4099] "/home/lhq/Workspace/MIPS/pipeline-cache/cache.v" Line 74. Module Memory(s=4) doesn't have a timescale but at least one module in design has a timescale.
WARNING: [XSIM 43-4099] "/home/lhq/Workspace/MIPS/pipeline-cache/cache.v" Line 239. Module Cache(s=4) doesn't have a timescale but at least one module in design has a timescale.
WARNING: [XSIM 43-4099] "/home/lhq/Workspace/MIPS/pipeline-cache/cache.v" Line 169. Module RAM doesn't have a timescale but at least one module in design has a timescale.
Completed simulation data flow analysis
Time Resolution for simulation is 1ps
Compiling module xil_defaultlib.ALUDecoder
Compiling module xil_defaultlib.ControlUnit
Compiling module xil_defaultlib.flopenrc(WIDTH=32)
Compiling module xil_defaultlib.flopenr(WIDTH=32)
Compiling module xil_defaultlib.floprc(WIDTH=32)
Compiling module xil_defaultlib.Controller
Compiling module xil_defaultlib.RegisterFile
Compiling module xil_defaultlib.flopenrc(WIDTH=5)
Compiling module xil_defaultlib.ALU
Compiling module xil_defaultlib.flopenr(WIDTH=5)
Compiling module xil_defaultlib.floprc(WIDTH=5)
Compiling module xil_defaultlib.Hazard
Compiling module xil_defaultlib.Datapath
Compiling module xil_defaultlib.MIPS
Compiling module xil_defaultlib.IMem_default
Compiling module xil_defaultlib.Cache(s=4)
Compiling module xil_defaultlib.RAM
Compiling module xil_defaultlib.Memory(s=4)
Compiling module xil_defaultlib.MIPSTop
Compiling module xil_defaultlib.MIPS_tb
Compiling module xil_defaultlib.glbl
Built simulation snapshot MIPS_tb_behav
INFO: [USF-XSim-69] 'elaborate' step finished in '2' seconds
Vivado Simulator 2018.3
Time resolution is 1 ps
relaunch_sim: Time (s): cpu = 00:00:11 ; elapsed = 00:00:07 . Memory (MB): peak = 6500.488 ; gain = 0.004 ; free physical = 1736 ; free virtual = 8715
relaunch_sim
INFO: [Vivado 12-5682] Launching behavioral simulation in '/home/lhq/Workspace/MIPS/pipeline-cache/lab4-pipeline-cache/lab4-pipeline-cache.sim/sim_1/behav/xsim'
INFO: [SIM-utils-51] Simulation object is 'sim_1'
INFO: [SIM-utils-54] Inspecting design source files for 'MIPS_tb' in fileset 'sim_1'...
INFO: [USF-XSim-97] Finding global include files...
INFO: [USF-XSim-98] Fetching design files from 'sim_1'...
INFO: [USF-XSim-2] XSim::Compile design
INFO: [USF-XSim-61] Executing 'COMPILE and ANALYZE' step in '/home/lhq/Workspace/MIPS/pipeline-cache/lab4-pipeline-cache/lab4-pipeline-cache.sim/sim_1/behav/xsim'
xvlog --incr --relax -prj MIPS_tb_vlog.prj
INFO: [VRFC 10-2263] Analyzing Verilog file "/home/lhq/Workspace/MIPS/pipeline-cache/cache.v" into library xil_defaultlib
INFO: [VRFC 10-311] analyzing module Memory
INFO: [VRFC 10-311] analyzing module RAM
INFO: [VRFC 10-311] analyzing module Cache
INFO: [VRFC 10-2263] Analyzing Verilog file "/home/lhq/Workspace/MIPS/pipeline-cache/mips-pipeline.v" into library xil_defaultlib
INFO: [VRFC 10-311] analyzing module top
INFO: [VRFC 10-311] analyzing module Display
INFO: [VRFC 10-311] analyzing module clkdiv
INFO: [VRFC 10-311] analyzing module MIPSTop
INFO: [VRFC 10-311] analyzing module IMem
INFO: [VRFC 10-311] analyzing module DMem
INFO: [VRFC 10-311] analyzing module MIPS
INFO: [VRFC 10-311] analyzing module ALUDecoder
INFO: [VRFC 10-311] analyzing module ControlUnit
INFO: [VRFC 10-311] analyzing module RegisterFile
INFO: [VRFC 10-311] analyzing module Controller
INFO: [VRFC 10-311] analyzing module Datapath
INFO: [VRFC 10-311] analyzing module Hazard
INFO: [VRFC 10-311] analyzing module flopr
INFO: [VRFC 10-311] analyzing module floprc
INFO: [VRFC 10-311] analyzing module flopenr
INFO: [VRFC 10-311] analyzing module flopenrc
INFO: [VRFC 10-311] analyzing module ALU
INFO: [VRFC 10-2263] Analyzing Verilog file "/home/lhq/Workspace/MIPS/pipeline-cache/testbench.v" into library xil_defaultlib
INFO: [VRFC 10-311] analyzing module RAMCache_tb
INFO: [VRFC 10-311] analyzing module Hazard_tb
INFO: [VRFC 10-311] analyzing module Instr_tb
INFO: [VRFC 10-311] analyzing module MIPS_tb
INFO: [USF-XSim-69] 'compile' step finished in '2' seconds
INFO: [Vivado 12-5682] Launching behavioral simulation in '/home/lhq/Workspace/MIPS/pipeline-cache/lab4-pipeline-cache/lab4-pipeline-cache.sim/sim_1/behav/xsim'
INFO: [USF-XSim-3] XSim::Elaborate design
INFO: [USF-XSim-61] Executing 'ELABORATE' step in '/home/lhq/Workspace/MIPS/pipeline-cache/lab4-pipeline-cache/lab4-pipeline-cache.sim/sim_1/behav/xsim'
Vivado Simulator 2018.3
Copyright 1986-1999, 2001-2018 Xilinx, Inc. All Rights Reserved.
Running: /home/lhq/Workspace/Xilinx/Vivado/2018.3/bin/unwrapped/lnx64.o/xelab -wto adf6295e29a7467294dba3dda1bb032e --incr --debug typical --relax --mt 8 -L xil_defaultlib -L unisims_ver -L unimacro_ver -L secureip --snapshot MIPS_tb_behav xil_defaultlib.MIPS_tb xil_defaultlib.glbl -log elaborate.log 
Using 8 slave threads.
Starting static elaboration
WARNING: [VRFC 10-3091] actual bit length 32 differs from formal bit length 1 for port 'RST' [/home/lhq/Workspace/MIPS/pipeline-cache/cache.v:108]
WARNING: [VRFC 10-3091] actual bit length 32 differs from formal bit length 1 for port 'RST' [/home/lhq/Workspace/MIPS/pipeline-cache/cache.v:109]
WARNING: [VRFC 10-3705] select index 6 into 'cnt' is out of bounds [/home/lhq/Workspace/MIPS/pipeline-cache/cache.v:213]
Completed static elaboration
Starting simulation data flow analysis
WARNING: [XSIM 43-4099] "/home/lhq/Workspace/MIPS/pipeline-cache/cache.v" Line 74. Module Memory(s=4) doesn't have a timescale but at least one module in design has a timescale.
WARNING: [XSIM 43-4099] "/home/lhq/Workspace/MIPS/pipeline-cache/cache.v" Line 239. Module Cache(s=4) doesn't have a timescale but at least one module in design has a timescale.
WARNING: [XSIM 43-4099] "/home/lhq/Workspace/MIPS/pipeline-cache/cache.v" Line 169. Module RAM doesn't have a timescale but at least one module in design has a timescale.
Completed simulation data flow analysis
Time Resolution for simulation is 1ps
Compiling module xil_defaultlib.ALUDecoder
Compiling module xil_defaultlib.ControlUnit
Compiling module xil_defaultlib.flopenrc(WIDTH=32)
Compiling module xil_defaultlib.flopenr(WIDTH=32)
Compiling module xil_defaultlib.floprc(WIDTH=32)
Compiling module xil_defaultlib.Controller
Compiling module xil_defaultlib.RegisterFile
Compiling module xil_defaultlib.flopenrc(WIDTH=5)
Compiling module xil_defaultlib.ALU
Compiling module xil_defaultlib.flopenr(WIDTH=5)
Compiling module xil_defaultlib.floprc(WIDTH=5)
Compiling module xil_defaultlib.Hazard
Compiling module xil_defaultlib.Datapath
Compiling module xil_defaultlib.MIPS
Compiling module xil_defaultlib.IMem_default
Compiling module xil_defaultlib.Cache(s=4)
Compiling module xil_defaultlib.RAM
Compiling module xil_defaultlib.Memory(s=4)
Compiling module xil_defaultlib.MIPSTop
Compiling module xil_defaultlib.MIPS_tb
Compiling module xil_defaultlib.glbl
Built simulation snapshot MIPS_tb_behav
INFO: [USF-XSim-69] 'elaborate' step finished in '2' seconds
Vivado Simulator 2018.3
Time resolution is 1 ps
relaunch_sim: Time (s): cpu = 00:00:09 ; elapsed = 00:00:06 . Memory (MB): peak = 6511.477 ; gain = 8.000 ; free physical = 1798 ; free virtual = 8775
relaunch_sim
INFO: [Vivado 12-5682] Launching behavioral simulation in '/home/lhq/Workspace/MIPS/pipeline-cache/lab4-pipeline-cache/lab4-pipeline-cache.sim/sim_1/behav/xsim'
INFO: [SIM-utils-51] Simulation object is 'sim_1'
INFO: [SIM-utils-54] Inspecting design source files for 'MIPS_tb' in fileset 'sim_1'...
INFO: [USF-XSim-97] Finding global include files...
INFO: [USF-XSim-98] Fetching design files from 'sim_1'...
INFO: [USF-XSim-2] XSim::Compile design
INFO: [USF-XSim-61] Executing 'COMPILE and ANALYZE' step in '/home/lhq/Workspace/MIPS/pipeline-cache/lab4-pipeline-cache/lab4-pipeline-cache.sim/sim_1/behav/xsim'
xvlog --incr --relax -prj MIPS_tb_vlog.prj
INFO: [VRFC 10-2263] Analyzing Verilog file "/home/lhq/Workspace/MIPS/pipeline-cache/cache.v" into library xil_defaultlib
INFO: [VRFC 10-311] analyzing module Memory
INFO: [VRFC 10-311] analyzing module RAM
INFO: [VRFC 10-311] analyzing module Cache
INFO: [VRFC 10-2263] Analyzing Verilog file "/home/lhq/Workspace/MIPS/pipeline-cache/mips-pipeline.v" into library xil_defaultlib
INFO: [VRFC 10-311] analyzing module top
INFO: [VRFC 10-311] analyzing module Display
INFO: [VRFC 10-311] analyzing module clkdiv
INFO: [VRFC 10-311] analyzing module MIPSTop
INFO: [VRFC 10-311] analyzing module IMem
INFO: [VRFC 10-311] analyzing module DMem
INFO: [VRFC 10-311] analyzing module MIPS
INFO: [VRFC 10-311] analyzing module ALUDecoder
INFO: [VRFC 10-311] analyzing module ControlUnit
INFO: [VRFC 10-311] analyzing module RegisterFile
INFO: [VRFC 10-311] analyzing module Controller
INFO: [VRFC 10-311] analyzing module Datapath
INFO: [VRFC 10-311] analyzing module Hazard
INFO: [VRFC 10-311] analyzing module flopr
INFO: [VRFC 10-311] analyzing module floprc
INFO: [VRFC 10-311] analyzing module flopenr
INFO: [VRFC 10-311] analyzing module flopenrc
INFO: [VRFC 10-311] analyzing module ALU
INFO: [VRFC 10-2263] Analyzing Verilog file "/home/lhq/Workspace/MIPS/pipeline-cache/testbench.v" into library xil_defaultlib
INFO: [VRFC 10-311] analyzing module RAMCache_tb
INFO: [VRFC 10-311] analyzing module Hazard_tb
INFO: [VRFC 10-311] analyzing module Instr_tb
INFO: [VRFC 10-311] analyzing module MIPS_tb
INFO: [USF-XSim-69] 'compile' step finished in '1' seconds
INFO: [Vivado 12-5682] Launching behavioral simulation in '/home/lhq/Workspace/MIPS/pipeline-cache/lab4-pipeline-cache/lab4-pipeline-cache.sim/sim_1/behav/xsim'
INFO: [USF-XSim-3] XSim::Elaborate design
INFO: [USF-XSim-61] Executing 'ELABORATE' step in '/home/lhq/Workspace/MIPS/pipeline-cache/lab4-pipeline-cache/lab4-pipeline-cache.sim/sim_1/behav/xsim'
Vivado Simulator 2018.3
Copyright 1986-1999, 2001-2018 Xilinx, Inc. All Rights Reserved.
Running: /home/lhq/Workspace/Xilinx/Vivado/2018.3/bin/unwrapped/lnx64.o/xelab -wto adf6295e29a7467294dba3dda1bb032e --incr --debug typical --relax --mt 8 -L xil_defaultlib -L unisims_ver -L unimacro_ver -L secureip --snapshot MIPS_tb_behav xil_defaultlib.MIPS_tb xil_defaultlib.glbl -log elaborate.log 
Using 8 slave threads.
Starting static elaboration
WARNING: [VRFC 10-3091] actual bit length 32 differs from formal bit length 1 for port 'RST' [/home/lhq/Workspace/MIPS/pipeline-cache/cache.v:108]
WARNING: [VRFC 10-3091] actual bit length 32 differs from formal bit length 1 for port 'RST' [/home/lhq/Workspace/MIPS/pipeline-cache/cache.v:109]
WARNING: [VRFC 10-3705] select index 5 into 'cnt' is out of bounds [/home/lhq/Workspace/MIPS/pipeline-cache/cache.v:213]
Completed static elaboration
Starting simulation data flow analysis
WARNING: [XSIM 43-4099] "/home/lhq/Workspace/MIPS/pipeline-cache/cache.v" Line 74. Module Memory(s=4) doesn't have a timescale but at least one module in design has a timescale.
WARNING: [XSIM 43-4099] "/home/lhq/Workspace/MIPS/pipeline-cache/cache.v" Line 239. Module Cache(s=4) doesn't have a timescale but at least one module in design has a timescale.
WARNING: [XSIM 43-4099] "/home/lhq/Workspace/MIPS/pipeline-cache/cache.v" Line 169. Module RAM doesn't have a timescale but at least one module in design has a timescale.
Completed simulation data flow analysis
Time Resolution for simulation is 1ps
Compiling module xil_defaultlib.ALUDecoder
Compiling module xil_defaultlib.ControlUnit
Compiling module xil_defaultlib.flopenrc(WIDTH=32)
Compiling module xil_defaultlib.flopenr(WIDTH=32)
Compiling module xil_defaultlib.floprc(WIDTH=32)
Compiling module xil_defaultlib.Controller
Compiling module xil_defaultlib.RegisterFile
Compiling module xil_defaultlib.flopenrc(WIDTH=5)
Compiling module xil_defaultlib.ALU
Compiling module xil_defaultlib.flopenr(WIDTH=5)
Compiling module xil_defaultlib.floprc(WIDTH=5)
Compiling module xil_defaultlib.Hazard
Compiling module xil_defaultlib.Datapath
Compiling module xil_defaultlib.MIPS
Compiling module xil_defaultlib.IMem_default
Compiling module xil_defaultlib.Cache(s=4)
Compiling module xil_defaultlib.RAM
Compiling module xil_defaultlib.Memory(s=4)
Compiling module xil_defaultlib.MIPSTop
Compiling module xil_defaultlib.MIPS_tb
Compiling module xil_defaultlib.glbl
Built simulation snapshot MIPS_tb_behav
INFO: [USF-XSim-69] 'elaborate' step finished in '3' seconds
Vivado Simulator 2018.3
Time resolution is 1 ps
relaunch_sim: Time (s): cpu = 00:00:06 ; elapsed = 00:00:06 . Memory (MB): peak = 6527.484 ; gain = 7.953 ; free physical = 1791 ; free virtual = 8768
relaunch_sim
INFO: [Vivado 12-5682] Launching behavioral simulation in '/home/lhq/Workspace/MIPS/pipeline-cache/lab4-pipeline-cache/lab4-pipeline-cache.sim/sim_1/behav/xsim'
INFO: [SIM-utils-51] Simulation object is 'sim_1'
INFO: [SIM-utils-54] Inspecting design source files for 'MIPS_tb' in fileset 'sim_1'...
INFO: [USF-XSim-97] Finding global include files...
INFO: [USF-XSim-98] Fetching design files from 'sim_1'...
INFO: [USF-XSim-2] XSim::Compile design
INFO: [USF-XSim-61] Executing 'COMPILE and ANALYZE' step in '/home/lhq/Workspace/MIPS/pipeline-cache/lab4-pipeline-cache/lab4-pipeline-cache.sim/sim_1/behav/xsim'
xvlog --incr --relax -prj MIPS_tb_vlog.prj
INFO: [VRFC 10-2263] Analyzing Verilog file "/home/lhq/Workspace/MIPS/pipeline-cache/cache.v" into library xil_defaultlib
INFO: [VRFC 10-311] analyzing module Memory
INFO: [VRFC 10-311] analyzing module RAM
INFO: [VRFC 10-311] analyzing module Cache
INFO: [VRFC 10-2263] Analyzing Verilog file "/home/lhq/Workspace/MIPS/pipeline-cache/mips-pipeline.v" into library xil_defaultlib
INFO: [VRFC 10-311] analyzing module top
INFO: [VRFC 10-311] analyzing module Display
INFO: [VRFC 10-311] analyzing module clkdiv
INFO: [VRFC 10-311] analyzing module MIPSTop
INFO: [VRFC 10-311] analyzing module IMem
INFO: [VRFC 10-311] analyzing module DMem
INFO: [VRFC 10-311] analyzing module MIPS
INFO: [VRFC 10-311] analyzing module ALUDecoder
INFO: [VRFC 10-311] analyzing module ControlUnit
INFO: [VRFC 10-311] analyzing module RegisterFile
INFO: [VRFC 10-311] analyzing module Controller
INFO: [VRFC 10-311] analyzing module Datapath
INFO: [VRFC 10-311] analyzing module Hazard
INFO: [VRFC 10-311] analyzing module flopr
INFO: [VRFC 10-311] analyzing module floprc
INFO: [VRFC 10-311] analyzing module flopenr
INFO: [VRFC 10-311] analyzing module flopenrc
INFO: [VRFC 10-311] analyzing module ALU
INFO: [VRFC 10-2263] Analyzing Verilog file "/home/lhq/Workspace/MIPS/pipeline-cache/testbench.v" into library xil_defaultlib
INFO: [VRFC 10-311] analyzing module RAMCache_tb
INFO: [VRFC 10-311] analyzing module Hazard_tb
INFO: [VRFC 10-311] analyzing module Instr_tb
INFO: [VRFC 10-311] analyzing module MIPS_tb
INFO: [USF-XSim-69] 'compile' step finished in '1' seconds
INFO: [Vivado 12-5682] Launching behavioral simulation in '/home/lhq/Workspace/MIPS/pipeline-cache/lab4-pipeline-cache/lab4-pipeline-cache.sim/sim_1/behav/xsim'
INFO: [USF-XSim-3] XSim::Elaborate design
INFO: [USF-XSim-61] Executing 'ELABORATE' step in '/home/lhq/Workspace/MIPS/pipeline-cache/lab4-pipeline-cache/lab4-pipeline-cache.sim/sim_1/behav/xsim'
Vivado Simulator 2018.3
Copyright 1986-1999, 2001-2018 Xilinx, Inc. All Rights Reserved.
Running: /home/lhq/Workspace/Xilinx/Vivado/2018.3/bin/unwrapped/lnx64.o/xelab -wto adf6295e29a7467294dba3dda1bb032e --incr --debug typical --relax --mt 8 -L xil_defaultlib -L unisims_ver -L unimacro_ver -L secureip --snapshot MIPS_tb_behav xil_defaultlib.MIPS_tb xil_defaultlib.glbl -log elaborate.log 
Using 8 slave threads.
Starting static elaboration
WARNING: [VRFC 10-3091] actual bit length 32 differs from formal bit length 1 for port 'RST' [/home/lhq/Workspace/MIPS/pipeline-cache/cache.v:108]
WARNING: [VRFC 10-3091] actual bit length 32 differs from formal bit length 1 for port 'RST' [/home/lhq/Workspace/MIPS/pipeline-cache/cache.v:109]
Completed static elaboration
Starting simulation data flow analysis
WARNING: [XSIM 43-4099] "/home/lhq/Workspace/MIPS/pipeline-cache/cache.v" Line 74. Module Memory(s=4) doesn't have a timescale but at least one module in design has a timescale.
WARNING: [XSIM 43-4099] "/home/lhq/Workspace/MIPS/pipeline-cache/cache.v" Line 239. Module Cache(s=4) doesn't have a timescale but at least one module in design has a timescale.
WARNING: [XSIM 43-4099] "/home/lhq/Workspace/MIPS/pipeline-cache/cache.v" Line 169. Module RAM doesn't have a timescale but at least one module in design has a timescale.
Completed simulation data flow analysis
Time Resolution for simulation is 1ps
Compiling module xil_defaultlib.ALUDecoder
Compiling module xil_defaultlib.ControlUnit
Compiling module xil_defaultlib.flopenrc(WIDTH=32)
Compiling module xil_defaultlib.flopenr(WIDTH=32)
Compiling module xil_defaultlib.floprc(WIDTH=32)
Compiling module xil_defaultlib.Controller
Compiling module xil_defaultlib.RegisterFile
Compiling module xil_defaultlib.flopenrc(WIDTH=5)
Compiling module xil_defaultlib.ALU
Compiling module xil_defaultlib.flopenr(WIDTH=5)
Compiling module xil_defaultlib.floprc(WIDTH=5)
Compiling module xil_defaultlib.Hazard
Compiling module xil_defaultlib.Datapath
Compiling module xil_defaultlib.MIPS
Compiling module xil_defaultlib.IMem_default
Compiling module xil_defaultlib.Cache(s=4)
Compiling module xil_defaultlib.RAM
Compiling module xil_defaultlib.Memory(s=4)
Compiling module xil_defaultlib.MIPSTop
Compiling module xil_defaultlib.MIPS_tb
Compiling module xil_defaultlib.glbl
Built simulation snapshot MIPS_tb_behav
INFO: [USF-XSim-69] 'elaborate' step finished in '2' seconds
Vivado Simulator 2018.3
Time resolution is 1 ps
relaunch_sim: Time (s): cpu = 00:00:10 ; elapsed = 00:00:06 . Memory (MB): peak = 6543.492 ; gain = 7.953 ; free physical = 1777 ; free virtual = 8754
reset_run synth_1
launch_runs impl_1 -to_step write_bitstream
[Mon Jun 10 15:24:48 2019] Launched synth_1...
Run output will be captured here: /home/lhq/Workspace/MIPS/pipeline-cache/lab4-pipeline-cache/lab4-pipeline-cache.runs/synth_1/runme.log
[Mon Jun 10 15:24:48 2019] Launched impl_1...
Run output will be captured here: /home/lhq/Workspace/MIPS/pipeline-cache/lab4-pipeline-cache/lab4-pipeline-cache.runs/impl_1/runme.log
open_hw
connect_hw_server
INFO: [Labtools 27-2285] Connecting to hw_server url TCP:localhost:3121
INFO: [Labtools 27-2222] Launching hw_server...
INFO: [Labtools 27-2221] Launch Output:

****** Xilinx hw_server v2018.3
  **** Build date : Dec  6 2018-23:53:53
    ** Copyright 1986-2018 Xilinx, Inc. All Rights Reserved.


open_hw_target
INFO: [Labtoolstcl 44-466] Opening hw_target localhost:3121/xilinx_tcf/Digilent/210292710309A
set_property PROGRAM.FILE {/home/lhq/Workspace/MIPS/pipeline-cache/lab4-pipeline-cache/lab4-pipeline-cache.runs/impl_1/top.bit} [get_hw_devices xc7a100t_0]
current_hw_device [get_hw_devices xc7a100t_0]
refresh_hw_device -update_hw_probes false [lindex [get_hw_devices xc7a100t_0] 0]
INFO: [Labtools 27-1434] Device xc7a100t (JTAG device index = 0) is programmed with a design that has no supported debug core(s) in it.
set_property PROBES.FILE {} [get_hw_devices xc7a100t_0]
set_property FULL_PROBES.FILE {} [get_hw_devices xc7a100t_0]
set_property PROGRAM.FILE {/home/lhq/Workspace/MIPS/pipeline-cache/lab4-pipeline-cache/lab4-pipeline-cache.runs/impl_1/top.bit} [get_hw_devices xc7a100t_0]
program_hw_devices [get_hw_devices xc7a100t_0]
INFO: [Labtools 27-3164] End of startup status: HIGH
refresh_hw_device [lindex [get_hw_devices xc7a100t_0] 0]
INFO: [Labtools 27-1434] Device xc7a100t (JTAG device index = 0) is programmed with a design that has no supported debug core(s) in it.
reset_run synth_1
launch_runs impl_1 -to_step write_bitstream
[Mon Jun 10 15:46:54 2019] Launched synth_1...
Run output will be captured here: /home/lhq/Workspace/MIPS/pipeline-cache/lab4-pipeline-cache/lab4-pipeline-cache.runs/synth_1/runme.log
[Mon Jun 10 15:46:54 2019] Launched impl_1...
Run output will be captured here: /home/lhq/Workspace/MIPS/pipeline-cache/lab4-pipeline-cache/lab4-pipeline-cache.runs/impl_1/runme.log
reset_run impl_1 -prev_step 
reset_run synth_1
launch_runs impl_1 -to_step write_bitstream
[Mon Jun 10 15:53:11 2019] Launched synth_1...
Run output will be captured here: /home/lhq/Workspace/MIPS/pipeline-cache/lab4-pipeline-cache/lab4-pipeline-cache.runs/synth_1/runme.log
[Mon Jun 10 15:53:11 2019] Launched impl_1...
Run output will be captured here: /home/lhq/Workspace/MIPS/pipeline-cache/lab4-pipeline-cache/lab4-pipeline-cache.runs/impl_1/runme.log
set_property PROBES.FILE {} [get_hw_devices xc7a100t_0]
set_property FULL_PROBES.FILE {} [get_hw_devices xc7a100t_0]
set_property PROGRAM.FILE {/home/lhq/Workspace/MIPS/pipeline-cache/lab4-pipeline-cache/lab4-pipeline-cache.runs/impl_1/top.bit} [get_hw_devices xc7a100t_0]
program_hw_devices [get_hw_devices xc7a100t_0]
INFO: [Labtools 27-3164] End of startup status: HIGH
refresh_hw_device [lindex [get_hw_devices xc7a100t_0] 0]
INFO: [Labtools 27-1434] Device xc7a100t (JTAG device index = 0) is programmed with a design that has no supported debug core(s) in it.
ERROR: [Labtoolstcl 44-513] HW Target shutdown. Closing target: localhost:3121/xilinx_tcf/Digilent/210292710309A
INFO: [Labtoolstcl 44-466] Opening hw_target localhost:3121/xilinx_tcf/Digilent/210292710309A
INFO: [Labtools 27-1435] Device xc7a100t (JTAG device index = 0) is not programmed (DONE status = 0).
WARNING: [Labtoolstcl 44-129] No matching hw_ila_data was found.
set_property PROBES.FILE {} [get_hw_devices xc7a100t_0]
set_property FULL_PROBES.FILE {} [get_hw_devices xc7a100t_0]
set_property PROGRAM.FILE {/home/lhq/Workspace/MIPS/pipeline-cache/lab4-pipeline-cache/lab4-pipeline-cache.runs/impl_1/top.bit} [get_hw_devices xc7a100t_0]
program_hw_devices [get_hw_devices xc7a100t_0]
INFO: [Labtools 27-3164] End of startup status: HIGH
refresh_hw_device [lindex [get_hw_devices xc7a100t_0] 0]
INFO: [Labtools 27-1434] Device xc7a100t (JTAG device index = 0) is programmed with a design that has no supported debug core(s) in it.
relaunch_sim
INFO: [Vivado 12-5682] Launching behavioral simulation in '/home/lhq/Workspace/MIPS/pipeline-cache/lab4-pipeline-cache/lab4-pipeline-cache.sim/sim_1/behav/xsim'
INFO: [SIM-utils-51] Simulation object is 'sim_1'
INFO: [SIM-utils-54] Inspecting design source files for 'MIPS_tb' in fileset 'sim_1'...
INFO: [USF-XSim-97] Finding global include files...
INFO: [USF-XSim-98] Fetching design files from 'sim_1'...
INFO: [USF-XSim-2] XSim::Compile design
INFO: [USF-XSim-61] Executing 'COMPILE and ANALYZE' step in '/home/lhq/Workspace/MIPS/pipeline-cache/lab4-pipeline-cache/lab4-pipeline-cache.sim/sim_1/behav/xsim'
xvlog --incr --relax -prj MIPS_tb_vlog.prj
INFO: [VRFC 10-2263] Analyzing Verilog file "/home/lhq/Workspace/MIPS/pipeline-cache/cache.v" into library xil_defaultlib
INFO: [VRFC 10-311] analyzing module Memory
INFO: [VRFC 10-311] analyzing module RAM
INFO: [VRFC 10-311] analyzing module Cache
INFO: [VRFC 10-2263] Analyzing Verilog file "/home/lhq/Workspace/MIPS/pipeline-cache/mips-pipeline.v" into library xil_defaultlib
INFO: [VRFC 10-311] analyzing module top
INFO: [VRFC 10-311] analyzing module Display
INFO: [VRFC 10-311] analyzing module clkdiv
INFO: [VRFC 10-311] analyzing module MIPSTop
INFO: [VRFC 10-311] analyzing module IMem
INFO: [VRFC 10-311] analyzing module DMem
INFO: [VRFC 10-311] analyzing module MIPS
INFO: [VRFC 10-311] analyzing module ALUDecoder
INFO: [VRFC 10-311] analyzing module ControlUnit
INFO: [VRFC 10-311] analyzing module RegisterFile
INFO: [VRFC 10-311] analyzing module Controller
INFO: [VRFC 10-311] analyzing module Datapath
INFO: [VRFC 10-311] analyzing module Hazard
INFO: [VRFC 10-311] analyzing module flopr
INFO: [VRFC 10-311] analyzing module floprc
INFO: [VRFC 10-311] analyzing module flopenr
INFO: [VRFC 10-311] analyzing module flopenrc
INFO: [VRFC 10-311] analyzing module ALU
INFO: [VRFC 10-2263] Analyzing Verilog file "/home/lhq/Workspace/MIPS/pipeline-cache/testbench.v" into library xil_defaultlib
INFO: [VRFC 10-311] analyzing module RAMCache_tb
INFO: [VRFC 10-311] analyzing module Hazard_tb
INFO: [VRFC 10-311] analyzing module Instr_tb
INFO: [VRFC 10-311] analyzing module MIPS_tb
INFO: [USF-XSim-69] 'compile' step finished in '3' seconds
INFO: [Vivado 12-5682] Launching behavioral simulation in '/home/lhq/Workspace/MIPS/pipeline-cache/lab4-pipeline-cache/lab4-pipeline-cache.sim/sim_1/behav/xsim'
INFO: [USF-XSim-3] XSim::Elaborate design
INFO: [USF-XSim-61] Executing 'ELABORATE' step in '/home/lhq/Workspace/MIPS/pipeline-cache/lab4-pipeline-cache/lab4-pipeline-cache.sim/sim_1/behav/xsim'
Vivado Simulator 2018.3
Copyright 1986-1999, 2001-2018 Xilinx, Inc. All Rights Reserved.
Running: /home/lhq/Workspace/Xilinx/Vivado/2018.3/bin/unwrapped/lnx64.o/xelab -wto adf6295e29a7467294dba3dda1bb032e --incr --debug typical --relax --mt 8 -L xil_defaultlib -L unisims_ver -L unimacro_ver -L secureip --snapshot MIPS_tb_behav xil_defaultlib.MIPS_tb xil_defaultlib.glbl -log elaborate.log 
Using 8 slave threads.
Starting static elaboration
WARNING: [VRFC 10-3091] actual bit length 32 differs from formal bit length 1 for port 'RST' [/home/lhq/Workspace/MIPS/pipeline-cache/cache.v:108]
WARNING: [VRFC 10-3091] actual bit length 32 differs from formal bit length 1 for port 'RST' [/home/lhq/Workspace/MIPS/pipeline-cache/cache.v:109]
Completed static elaboration
Starting simulation data flow analysis
WARNING: [XSIM 43-4099] "/home/lhq/Workspace/MIPS/pipeline-cache/cache.v" Line 74. Module Memory(s=4) doesn't have a timescale but at least one module in design has a timescale.
WARNING: [XSIM 43-4099] "/home/lhq/Workspace/MIPS/pipeline-cache/cache.v" Line 242. Module Cache(s=4) doesn't have a timescale but at least one module in design has a timescale.
WARNING: [XSIM 43-4099] "/home/lhq/Workspace/MIPS/pipeline-cache/cache.v" Line 169. Module RAM doesn't have a timescale but at least one module in design has a timescale.
Completed simulation data flow analysis
Time Resolution for simulation is 1ps
Compiling module xil_defaultlib.ALUDecoder
Compiling module xil_defaultlib.ControlUnit
Compiling module xil_defaultlib.flopenrc(WIDTH=32)
Compiling module xil_defaultlib.flopenr(WIDTH=32)
Compiling module xil_defaultlib.floprc(WIDTH=32)
Compiling module xil_defaultlib.Controller
Compiling module xil_defaultlib.RegisterFile
Compiling module xil_defaultlib.flopenrc(WIDTH=5)
Compiling module xil_defaultlib.ALU
Compiling module xil_defaultlib.flopenr(WIDTH=5)
Compiling module xil_defaultlib.floprc(WIDTH=5)
Compiling module xil_defaultlib.Hazard
Compiling module xil_defaultlib.Datapath
Compiling module xil_defaultlib.MIPS
Compiling module xil_defaultlib.IMem_default
Compiling module xil_defaultlib.Cache(s=4)
Compiling module xil_defaultlib.RAM
Compiling module xil_defaultlib.Memory(s=4)
Compiling module xil_defaultlib.MIPSTop
Compiling module xil_defaultlib.MIPS_tb
Compiling module xil_defaultlib.glbl
Built simulation snapshot MIPS_tb_behav
run_program: Time (s): cpu = 00:00:02 ; elapsed = 00:00:08 . Memory (MB): peak = 7445.910 ; gain = 0.000 ; free physical = 1830 ; free virtual = 8083
INFO: [USF-XSim-69] 'elaborate' step finished in '8' seconds
launch_simulation: Time (s): cpu = 00:00:02 ; elapsed = 00:00:08 . Memory (MB): peak = 7445.910 ; gain = 0.000 ; free physical = 1830 ; free virtual = 8083
Vivado Simulator 2018.3
Time resolution is 1 ps
ERROR: [Labtools 27-1832] create_wave_config not a supported tcl command in labtools hardware mode. Default wave configurations are automatically created when triggering an ILA core.
relaunch_sim: Time (s): cpu = 00:00:05 ; elapsed = 00:00:14 . Memory (MB): peak = 7445.910 ; gain = 0.000 ; free physical = 1825 ; free virtual = 8084
close_sim
INFO: [Simtcl 6-16] Simulation closed
launch_simulation
INFO: [Vivado 12-5682] Launching behavioral simulation in '/home/lhq/Workspace/MIPS/pipeline-cache/lab4-pipeline-cache/lab4-pipeline-cache.sim/sim_1/behav/xsim'
INFO: [SIM-utils-51] Simulation object is 'sim_1'
INFO: [SIM-utils-54] Inspecting design source files for 'MIPS_tb' in fileset 'sim_1'...
INFO: [USF-XSim-97] Finding global include files...
INFO: [USF-XSim-98] Fetching design files from 'sim_1'...
INFO: [USF-XSim-2] XSim::Compile design
INFO: [USF-XSim-61] Executing 'COMPILE and ANALYZE' step in '/home/lhq/Workspace/MIPS/pipeline-cache/lab4-pipeline-cache/lab4-pipeline-cache.sim/sim_1/behav/xsim'
xvlog --incr --relax -prj MIPS_tb_vlog.prj
INFO: [VRFC 10-2263] Analyzing Verilog file "/home/lhq/Workspace/MIPS/pipeline-cache/cache.v" into library xil_defaultlib
INFO: [VRFC 10-311] analyzing module Memory
INFO: [VRFC 10-311] analyzing module RAM
INFO: [VRFC 10-311] analyzing module Cache
INFO: [VRFC 10-2263] Analyzing Verilog file "/home/lhq/Workspace/MIPS/pipeline-cache/mips-pipeline.v" into library xil_defaultlib
INFO: [VRFC 10-311] analyzing module top
INFO: [VRFC 10-311] analyzing module Display
INFO: [VRFC 10-311] analyzing module clkdiv
INFO: [VRFC 10-311] analyzing module MIPSTop
INFO: [VRFC 10-311] analyzing module IMem
INFO: [VRFC 10-311] analyzing module DMem
INFO: [VRFC 10-311] analyzing module MIPS
INFO: [VRFC 10-311] analyzing module ALUDecoder
INFO: [VRFC 10-311] analyzing module ControlUnit
INFO: [VRFC 10-311] analyzing module RegisterFile
INFO: [VRFC 10-311] analyzing module Controller
INFO: [VRFC 10-311] analyzing module Datapath
INFO: [VRFC 10-311] analyzing module Hazard
INFO: [VRFC 10-311] analyzing module flopr
INFO: [VRFC 10-311] analyzing module floprc
INFO: [VRFC 10-311] analyzing module flopenr
INFO: [VRFC 10-311] analyzing module flopenrc
INFO: [VRFC 10-311] analyzing module ALU
INFO: [VRFC 10-2263] Analyzing Verilog file "/home/lhq/Workspace/MIPS/pipeline-cache/testbench.v" into library xil_defaultlib
INFO: [VRFC 10-311] analyzing module RAMCache_tb
INFO: [VRFC 10-311] analyzing module Hazard_tb
INFO: [VRFC 10-311] analyzing module Instr_tb
INFO: [VRFC 10-311] analyzing module MIPS_tb
INFO: [USF-XSim-69] 'compile' step finished in '2' seconds
INFO: [USF-XSim-3] XSim::Elaborate design
INFO: [USF-XSim-61] Executing 'ELABORATE' step in '/home/lhq/Workspace/MIPS/pipeline-cache/lab4-pipeline-cache/lab4-pipeline-cache.sim/sim_1/behav/xsim'
Vivado Simulator 2018.3
Copyright 1986-1999, 2001-2018 Xilinx, Inc. All Rights Reserved.
Running: /home/lhq/Workspace/Xilinx/Vivado/2018.3/bin/unwrapped/lnx64.o/xelab -wto adf6295e29a7467294dba3dda1bb032e --incr --debug typical --relax --mt 8 -L xil_defaultlib -L unisims_ver -L unimacro_ver -L secureip --snapshot MIPS_tb_behav xil_defaultlib.MIPS_tb xil_defaultlib.glbl -log elaborate.log 
Using 8 slave threads.
Starting static elaboration
WARNING: [VRFC 10-3091] actual bit length 32 differs from formal bit length 1 for port 'RST' [/home/lhq/Workspace/MIPS/pipeline-cache/cache.v:108]
WARNING: [VRFC 10-3091] actual bit length 32 differs from formal bit length 1 for port 'RST' [/home/lhq/Workspace/MIPS/pipeline-cache/cache.v:109]
Completed static elaboration
Starting simulation data flow analysis
WARNING: [XSIM 43-4099] "/home/lhq/Workspace/MIPS/pipeline-cache/cache.v" Line 74. Module Memory(s=4) doesn't have a timescale but at least one module in design has a timescale.
WARNING: [XSIM 43-4099] "/home/lhq/Workspace/MIPS/pipeline-cache/cache.v" Line 242. Module Cache(s=4) doesn't have a timescale but at least one module in design has a timescale.
WARNING: [XSIM 43-4099] "/home/lhq/Workspace/MIPS/pipeline-cache/cache.v" Line 169. Module RAM doesn't have a timescale but at least one module in design has a timescale.
Completed simulation data flow analysis
Time Resolution for simulation is 1ps
Compiling module xil_defaultlib.ALUDecoder
Compiling module xil_defaultlib.ControlUnit
Compiling module xil_defaultlib.flopenrc(WIDTH=32)
Compiling module xil_defaultlib.flopenr(WIDTH=32)
Compiling module xil_defaultlib.floprc(WIDTH=32)
Compiling module xil_defaultlib.Controller
Compiling module xil_defaultlib.RegisterFile
Compiling module xil_defaultlib.flopenrc(WIDTH=5)
Compiling module xil_defaultlib.ALU
Compiling module xil_defaultlib.flopenr(WIDTH=5)
Compiling module xil_defaultlib.floprc(WIDTH=5)
Compiling module xil_defaultlib.Hazard
Compiling module xil_defaultlib.Datapath
Compiling module xil_defaultlib.MIPS
Compiling module xil_defaultlib.IMem_default
Compiling module xil_defaultlib.Cache(s=4)
Compiling module xil_defaultlib.RAM
Compiling module xil_defaultlib.Memory(s=4)
Compiling module xil_defaultlib.MIPSTop
Compiling module xil_defaultlib.MIPS_tb
Compiling module xil_defaultlib.glbl
Built simulation snapshot MIPS_tb_behav
INFO: [USF-XSim-69] 'elaborate' step finished in '2' seconds
INFO: [USF-XSim-4] XSim::Simulate design
INFO: [USF-XSim-61] Executing 'SIMULATE' step in '/home/lhq/Workspace/MIPS/pipeline-cache/lab4-pipeline-cache/lab4-pipeline-cache.sim/sim_1/behav/xsim'
INFO: [USF-XSim-98] *** Running xsim
   with args "MIPS_tb_behav -key {Behavioral:sim_1:Functional:MIPS_tb} -tclbatch {MIPS_tb.tcl} -log {simulate.log}"
INFO: [USF-XSim-8] Loading simulator feature
Vivado Simulator 2018.3
Time resolution is 1 ps
source MIPS_tb.tcl
# set curr_wave [current_wave_config]
# if { [string length $curr_wave] == 0 } {
#   if { [llength [get_objects]] > 0} {
#     add_wave /
#     set_property needs_save false [current_wave_config]
#   } else {
#      send_msg_id Add_Wave-1 WARNING "No top level signals found. Simulator will start without a wave window. If you want to open a wave window go to 'File->New Waveform Configuration' or type 'create_wave_config' in the TCL console."
#   }
# }
# run 1000ns
INFO: [USF-XSim-96] XSim completed. Design snapshot 'MIPS_tb_behav' loaded.
INFO: [USF-XSim-97] XSim simulation ran for 1000ns
launch_simulation: Time (s): cpu = 00:00:08 ; elapsed = 00:00:07 . Memory (MB): peak = 7445.910 ; gain = 0.000 ; free physical = 1788 ; free virtual = 8047
relaunch_sim
INFO: [Vivado 12-5682] Launching behavioral simulation in '/home/lhq/Workspace/MIPS/pipeline-cache/lab4-pipeline-cache/lab4-pipeline-cache.sim/sim_1/behav/xsim'
INFO: [SIM-utils-51] Simulation object is 'sim_1'
INFO: [SIM-utils-54] Inspecting design source files for 'MIPS_tb' in fileset 'sim_1'...
INFO: [USF-XSim-97] Finding global include files...
INFO: [USF-XSim-98] Fetching design files from 'sim_1'...
INFO: [USF-XSim-2] XSim::Compile design
INFO: [USF-XSim-61] Executing 'COMPILE and ANALYZE' step in '/home/lhq/Workspace/MIPS/pipeline-cache/lab4-pipeline-cache/lab4-pipeline-cache.sim/sim_1/behav/xsim'
xvlog --incr --relax -prj MIPS_tb_vlog.prj
INFO: [VRFC 10-2263] Analyzing Verilog file "/home/lhq/Workspace/MIPS/pipeline-cache/cache.v" into library xil_defaultlib
INFO: [VRFC 10-311] analyzing module Memory
INFO: [VRFC 10-311] analyzing module RAM
INFO: [VRFC 10-311] analyzing module Cache
INFO: [VRFC 10-2263] Analyzing Verilog file "/home/lhq/Workspace/MIPS/pipeline-cache/mips-pipeline.v" into library xil_defaultlib
INFO: [VRFC 10-311] analyzing module top
INFO: [VRFC 10-311] analyzing module Display
INFO: [VRFC 10-311] analyzing module clkdiv
INFO: [VRFC 10-311] analyzing module MIPSTop
INFO: [VRFC 10-311] analyzing module IMem
INFO: [VRFC 10-311] analyzing module DMem
INFO: [VRFC 10-311] analyzing module MIPS
INFO: [VRFC 10-311] analyzing module ALUDecoder
INFO: [VRFC 10-311] analyzing module ControlUnit
INFO: [VRFC 10-311] analyzing module RegisterFile
INFO: [VRFC 10-311] analyzing module Controller
INFO: [VRFC 10-311] analyzing module Datapath
INFO: [VRFC 10-311] analyzing module Hazard
INFO: [VRFC 10-311] analyzing module flopr
INFO: [VRFC 10-311] analyzing module floprc
INFO: [VRFC 10-311] analyzing module flopenr
INFO: [VRFC 10-311] analyzing module flopenrc
INFO: [VRFC 10-311] analyzing module ALU
INFO: [VRFC 10-2263] Analyzing Verilog file "/home/lhq/Workspace/MIPS/pipeline-cache/testbench.v" into library xil_defaultlib
INFO: [VRFC 10-311] analyzing module RAMCache_tb
INFO: [VRFC 10-311] analyzing module Hazard_tb
INFO: [VRFC 10-311] analyzing module Instr_tb
INFO: [VRFC 10-311] analyzing module MIPS_tb
INFO: [USF-XSim-69] 'compile' step finished in '1' seconds
INFO: [Vivado 12-5682] Launching behavioral simulation in '/home/lhq/Workspace/MIPS/pipeline-cache/lab4-pipeline-cache/lab4-pipeline-cache.sim/sim_1/behav/xsim'
INFO: [USF-XSim-3] XSim::Elaborate design
INFO: [USF-XSim-61] Executing 'ELABORATE' step in '/home/lhq/Workspace/MIPS/pipeline-cache/lab4-pipeline-cache/lab4-pipeline-cache.sim/sim_1/behav/xsim'
Vivado Simulator 2018.3
Copyright 1986-1999, 2001-2018 Xilinx, Inc. All Rights Reserved.
Running: /home/lhq/Workspace/Xilinx/Vivado/2018.3/bin/unwrapped/lnx64.o/xelab -wto adf6295e29a7467294dba3dda1bb032e --incr --debug typical --relax --mt 8 -L xil_defaultlib -L unisims_ver -L unimacro_ver -L secureip --snapshot MIPS_tb_behav xil_defaultlib.MIPS_tb xil_defaultlib.glbl -log elaborate.log 
Using 8 slave threads.
Starting static elaboration
WARNING: [VRFC 10-3091] actual bit length 32 differs from formal bit length 1 for port 'RST' [/home/lhq/Workspace/MIPS/pipeline-cache/cache.v:108]
WARNING: [VRFC 10-3091] actual bit length 32 differs from formal bit length 1 for port 'RST' [/home/lhq/Workspace/MIPS/pipeline-cache/cache.v:109]
WARNING: [VRFC 10-3705] select index 6 into 'cnt' is out of bounds [/home/lhq/Workspace/MIPS/pipeline-cache/cache.v:216]
Completed static elaboration
Starting simulation data flow analysis
WARNING: [XSIM 43-4099] "/home/lhq/Workspace/MIPS/pipeline-cache/cache.v" Line 74. Module Memory(s=4) doesn't have a timescale but at least one module in design has a timescale.
WARNING: [XSIM 43-4099] "/home/lhq/Workspace/MIPS/pipeline-cache/cache.v" Line 242. Module Cache(s=4) doesn't have a timescale but at least one module in design has a timescale.
WARNING: [XSIM 43-4099] "/home/lhq/Workspace/MIPS/pipeline-cache/cache.v" Line 169. Module RAM doesn't have a timescale but at least one module in design has a timescale.
Completed simulation data flow analysis
Time Resolution for simulation is 1ps
Compiling module xil_defaultlib.ALUDecoder
Compiling module xil_defaultlib.ControlUnit
Compiling module xil_defaultlib.flopenrc(WIDTH=32)
Compiling module xil_defaultlib.flopenr(WIDTH=32)
Compiling module xil_defaultlib.floprc(WIDTH=32)
Compiling module xil_defaultlib.Controller
Compiling module xil_defaultlib.RegisterFile
Compiling module xil_defaultlib.flopenrc(WIDTH=5)
Compiling module xil_defaultlib.ALU
Compiling module xil_defaultlib.flopenr(WIDTH=5)
Compiling module xil_defaultlib.floprc(WIDTH=5)
Compiling module xil_defaultlib.Hazard
Compiling module xil_defaultlib.Datapath
Compiling module xil_defaultlib.MIPS
Compiling module xil_defaultlib.IMem_default
Compiling module xil_defaultlib.Cache(s=4)
Compiling module xil_defaultlib.RAM
Compiling module xil_defaultlib.Memory(s=4)
Compiling module xil_defaultlib.MIPSTop
Compiling module xil_defaultlib.MIPS_tb
Compiling module xil_defaultlib.glbl
Built simulation snapshot MIPS_tb_behav
INFO: [USF-XSim-69] 'elaborate' step finished in '3' seconds
Vivado Simulator 2018.3
Time resolution is 1 ps
relaunch_sim: Time (s): cpu = 00:00:08 ; elapsed = 00:00:08 . Memory (MB): peak = 7445.910 ; gain = 0.000 ; free physical = 1797 ; free virtual = 8058
close_sim
INFO: [Simtcl 6-16] Simulation closed
launch_simulation
INFO: [Vivado 12-5682] Launching behavioral simulation in '/home/lhq/Workspace/MIPS/pipeline-cache/lab4-pipeline-cache/lab4-pipeline-cache.sim/sim_1/behav/xsim'
INFO: [SIM-utils-51] Simulation object is 'sim_1'
INFO: [SIM-utils-54] Inspecting design source files for 'MIPS_tb' in fileset 'sim_1'...
INFO: [USF-XSim-97] Finding global include files...
INFO: [USF-XSim-98] Fetching design files from 'sim_1'...
INFO: [USF-XSim-2] XSim::Compile design
INFO: [USF-XSim-61] Executing 'COMPILE and ANALYZE' step in '/home/lhq/Workspace/MIPS/pipeline-cache/lab4-pipeline-cache/lab4-pipeline-cache.sim/sim_1/behav/xsim'
xvlog --incr --relax -prj MIPS_tb_vlog.prj
INFO: [VRFC 10-2263] Analyzing Verilog file "/home/lhq/Workspace/MIPS/pipeline-cache/testbench.v" into library xil_defaultlib
INFO: [VRFC 10-311] analyzing module RAMCache_tb
ERROR: [VRFC 10-3805] use of undefined macro 'BLOCK_TAG' [/home/lhq/Workspace/MIPS/pipeline-cache/testbench.v:27]
ERROR: [VRFC 10-1412] syntax error near ] [/home/lhq/Workspace/MIPS/pipeline-cache/testbench.v:27]
ERROR: [VRFC 10-1412] syntax error near ] [/home/lhq/Workspace/MIPS/pipeline-cache/testbench.v:28]
ERROR: [VRFC 10-3805] use of undefined macro 'RESPONSE_READY' [/home/lhq/Workspace/MIPS/pipeline-cache/testbench.v:29]
ERROR: [VRFC 10-1412] syntax error near ] [/home/lhq/Workspace/MIPS/pipeline-cache/testbench.v:29]
ERROR: [VRFC 10-1412] syntax error near ] [/home/lhq/Workspace/MIPS/pipeline-cache/testbench.v:30]
ERROR: [VRFC 10-3805] use of undefined macro 'BLOCK_DATA_WIDTH' [/home/lhq/Workspace/MIPS/pipeline-cache/testbench.v:37]
ERROR: [VRFC 10-585] dynamic range is not allowed in net declaration [/home/lhq/Workspace/MIPS/pipeline-cache/testbench.v:37]
ERROR: [VRFC 10-3805] use of undefined macro 'RESPONSE_DATA' [/home/lhq/Workspace/MIPS/pipeline-cache/testbench.v:38]
ERROR: [VRFC 10-1412] syntax error near ] [/home/lhq/Workspace/MIPS/pipeline-cache/testbench.v:38]
ERROR: [VRFC 10-585] dynamic range is not allowed in net declaration [/home/lhq/Workspace/MIPS/pipeline-cache/testbench.v:38]
ERROR: [VRFC 10-1412] syntax error near ] [/home/lhq/Workspace/MIPS/pipeline-cache/testbench.v:39]
ERROR: [VRFC 10-585] dynamic range is not allowed in net declaration [/home/lhq/Workspace/MIPS/pipeline-cache/testbench.v:39]
ERROR: [VRFC 10-585] dynamic range is not allowed in net declaration [/home/lhq/Workspace/MIPS/pipeline-cache/testbench.v:41]
ERROR: [VRFC 10-585] dynamic range is not allowed in net declaration [/home/lhq/Workspace/MIPS/pipeline-cache/testbench.v:42]
ERROR: [VRFC 10-585] dynamic range is not allowed in net declaration [/home/lhq/Workspace/MIPS/pipeline-cache/testbench.v:43]
ERROR: [VRFC 10-1201] packed dimension must specify a range [/home/lhq/Workspace/MIPS/pipeline-cache/testbench.v:37]
ERROR: [VRFC 10-1201] packed dimension must specify a range [/home/lhq/Workspace/MIPS/pipeline-cache/testbench.v:38]
ERROR: [VRFC 10-1201] packed dimension must specify a range [/home/lhq/Workspace/MIPS/pipeline-cache/testbench.v:39]
INFO: [#UNDEF] Sorry, too many errors..
INFO: [USF-XSim-69] 'compile' step finished in '2' seconds
INFO: [USF-XSim-99] Step results log file:'/home/lhq/Workspace/MIPS/pipeline-cache/lab4-pipeline-cache/lab4-pipeline-cache.sim/sim_1/behav/xsim/xvlog.log'
ERROR: [USF-XSim-62] 'compile' step failed with error(s). Please check the Tcl console output or '/home/lhq/Workspace/MIPS/pipeline-cache/lab4-pipeline-cache/lab4-pipeline-cache.sim/sim_1/behav/xsim/xvlog.log' file for more information.
ERROR: [Vivado 12-4473] Detected error while running simulation. Please correct the issue and retry this operation.
ERROR: [Common 17-39] 'launch_simulation' failed due to earlier errors.
launch_simulation
INFO: [Vivado 12-5682] Launching behavioral simulation in '/home/lhq/Workspace/MIPS/pipeline-cache/lab4-pipeline-cache/lab4-pipeline-cache.sim/sim_1/behav/xsim'
INFO: [SIM-utils-51] Simulation object is 'sim_1'
INFO: [SIM-utils-54] Inspecting design source files for 'MIPS_tb' in fileset 'sim_1'...
INFO: [USF-XSim-97] Finding global include files...
INFO: [USF-XSim-98] Fetching design files from 'sim_1'...
INFO: [USF-XSim-2] XSim::Compile design
INFO: [USF-XSim-61] Executing 'COMPILE and ANALYZE' step in '/home/lhq/Workspace/MIPS/pipeline-cache/lab4-pipeline-cache/lab4-pipeline-cache.sim/sim_1/behav/xsim'
xvlog --incr --relax -prj MIPS_tb_vlog.prj
INFO: [VRFC 10-2263] Analyzing Verilog file "/home/lhq/Workspace/MIPS/pipeline-cache/testbench.v" into library xil_defaultlib
INFO: [VRFC 10-311] analyzing module RAMCache_tb
ERROR: [VRFC 10-3805] use of undefined macro 'BLOCK_TAG' [/home/lhq/Workspace/MIPS/pipeline-cache/testbench.v:27]
ERROR: [VRFC 10-1412] syntax error near ] [/home/lhq/Workspace/MIPS/pipeline-cache/testbench.v:27]
ERROR: [VRFC 10-1412] syntax error near ] [/home/lhq/Workspace/MIPS/pipeline-cache/testbench.v:28]
ERROR: [VRFC 10-3805] use of undefined macro 'RESPONSE_READY' [/home/lhq/Workspace/MIPS/pipeline-cache/testbench.v:29]
ERROR: [VRFC 10-1412] syntax error near ] [/home/lhq/Workspace/MIPS/pipeline-cache/testbench.v:29]
ERROR: [VRFC 10-1412] syntax error near ] [/home/lhq/Workspace/MIPS/pipeline-cache/testbench.v:30]
ERROR: [VRFC 10-3805] use of undefined macro 'BLOCK_DATA_WIDTH' [/home/lhq/Workspace/MIPS/pipeline-cache/testbench.v:37]
ERROR: [VRFC 10-585] dynamic range is not allowed in net declaration [/home/lhq/Workspace/MIPS/pipeline-cache/testbench.v:37]
ERROR: [VRFC 10-3805] use of undefined macro 'RESPONSE_DATA' [/home/lhq/Workspace/MIPS/pipeline-cache/testbench.v:38]
ERROR: [VRFC 10-1412] syntax error near ] [/home/lhq/Workspace/MIPS/pipeline-cache/testbench.v:38]
ERROR: [VRFC 10-585] dynamic range is not allowed in net declaration [/home/lhq/Workspace/MIPS/pipeline-cache/testbench.v:38]
ERROR: [VRFC 10-1412] syntax error near ] [/home/lhq/Workspace/MIPS/pipeline-cache/testbench.v:39]
ERROR: [VRFC 10-585] dynamic range is not allowed in net declaration [/home/lhq/Workspace/MIPS/pipeline-cache/testbench.v:39]
ERROR: [VRFC 10-585] dynamic range is not allowed in net declaration [/home/lhq/Workspace/MIPS/pipeline-cache/testbench.v:41]
ERROR: [VRFC 10-585] dynamic range is not allowed in net declaration [/home/lhq/Workspace/MIPS/pipeline-cache/testbench.v:42]
ERROR: [VRFC 10-585] dynamic range is not allowed in net declaration [/home/lhq/Workspace/MIPS/pipeline-cache/testbench.v:43]
ERROR: [VRFC 10-1201] packed dimension must specify a range [/home/lhq/Workspace/MIPS/pipeline-cache/testbench.v:37]
ERROR: [VRFC 10-1201] packed dimension must specify a range [/home/lhq/Workspace/MIPS/pipeline-cache/testbench.v:38]
ERROR: [VRFC 10-1201] packed dimension must specify a range [/home/lhq/Workspace/MIPS/pipeline-cache/testbench.v:39]
INFO: [#UNDEF] Sorry, too many errors..
INFO: [USF-XSim-69] 'compile' step finished in '1' seconds
INFO: [USF-XSim-99] Step results log file:'/home/lhq/Workspace/MIPS/pipeline-cache/lab4-pipeline-cache/lab4-pipeline-cache.sim/sim_1/behav/xsim/xvlog.log'
ERROR: [USF-XSim-62] 'compile' step failed with error(s). Please check the Tcl console output or '/home/lhq/Workspace/MIPS/pipeline-cache/lab4-pipeline-cache/lab4-pipeline-cache.sim/sim_1/behav/xsim/xvlog.log' file for more information.
ERROR: [Vivado 12-4473] Detected error while running simulation. Please correct the issue and retry this operation.
ERROR: [Common 17-39] 'launch_simulation' failed due to earlier errors.
launch_simulation
INFO: [Vivado 12-5682] Launching behavioral simulation in '/home/lhq/Workspace/MIPS/pipeline-cache/lab4-pipeline-cache/lab4-pipeline-cache.sim/sim_1/behav/xsim'
INFO: [SIM-utils-51] Simulation object is 'sim_1'
INFO: [SIM-utils-54] Inspecting design source files for 'MIPS_tb' in fileset 'sim_1'...
INFO: [USF-XSim-97] Finding global include files...
INFO: [USF-XSim-98] Fetching design files from 'sim_1'...
INFO: [USF-XSim-2] XSim::Compile design
INFO: [USF-XSim-61] Executing 'COMPILE and ANALYZE' step in '/home/lhq/Workspace/MIPS/pipeline-cache/lab4-pipeline-cache/lab4-pipeline-cache.sim/sim_1/behav/xsim'
xvlog --incr --relax -prj MIPS_tb_vlog.prj
INFO: [VRFC 10-2263] Analyzing Verilog file "/home/lhq/Workspace/MIPS/pipeline-cache/testbench.v" into library xil_defaultlib
INFO: [VRFC 10-311] analyzing module RAMCache_tb
ERROR: [VRFC 10-3805] use of undefined macro 'BLOCK_TAG' [/home/lhq/Workspace/MIPS/pipeline-cache/testbench.v:27]
ERROR: [VRFC 10-1412] syntax error near ] [/home/lhq/Workspace/MIPS/pipeline-cache/testbench.v:27]
ERROR: [VRFC 10-1412] syntax error near ] [/home/lhq/Workspace/MIPS/pipeline-cache/testbench.v:28]
ERROR: [VRFC 10-3805] use of undefined macro 'RESPONSE_READY' [/home/lhq/Workspace/MIPS/pipeline-cache/testbench.v:29]
ERROR: [VRFC 10-1412] syntax error near ] [/home/lhq/Workspace/MIPS/pipeline-cache/testbench.v:29]
ERROR: [VRFC 10-1412] syntax error near ] [/home/lhq/Workspace/MIPS/pipeline-cache/testbench.v:30]
ERROR: [VRFC 10-3805] use of undefined macro 'BLOCK_DATA_WIDTH' [/home/lhq/Workspace/MIPS/pipeline-cache/testbench.v:37]
ERROR: [VRFC 10-585] dynamic range is not allowed in net declaration [/home/lhq/Workspace/MIPS/pipeline-cache/testbench.v:37]
ERROR: [VRFC 10-3805] use of undefined macro 'RESPONSE_DATA' [/home/lhq/Workspace/MIPS/pipeline-cache/testbench.v:38]
ERROR: [VRFC 10-1412] syntax error near ] [/home/lhq/Workspace/MIPS/pipeline-cache/testbench.v:38]
ERROR: [VRFC 10-585] dynamic range is not allowed in net declaration [/home/lhq/Workspace/MIPS/pipeline-cache/testbench.v:38]
ERROR: [VRFC 10-1412] syntax error near ] [/home/lhq/Workspace/MIPS/pipeline-cache/testbench.v:39]
ERROR: [VRFC 10-585] dynamic range is not allowed in net declaration [/home/lhq/Workspace/MIPS/pipeline-cache/testbench.v:39]
ERROR: [VRFC 10-585] dynamic range is not allowed in net declaration [/home/lhq/Workspace/MIPS/pipeline-cache/testbench.v:41]
ERROR: [VRFC 10-585] dynamic range is not allowed in net declaration [/home/lhq/Workspace/MIPS/pipeline-cache/testbench.v:42]
ERROR: [VRFC 10-585] dynamic range is not allowed in net declaration [/home/lhq/Workspace/MIPS/pipeline-cache/testbench.v:43]
ERROR: [VRFC 10-1201] packed dimension must specify a range [/home/lhq/Workspace/MIPS/pipeline-cache/testbench.v:37]
ERROR: [VRFC 10-1201] packed dimension must specify a range [/home/lhq/Workspace/MIPS/pipeline-cache/testbench.v:38]
ERROR: [VRFC 10-1201] packed dimension must specify a range [/home/lhq/Workspace/MIPS/pipeline-cache/testbench.v:39]
INFO: [#UNDEF] Sorry, too many errors..
INFO: [USF-XSim-69] 'compile' step finished in '2' seconds
INFO: [USF-XSim-99] Step results log file:'/home/lhq/Workspace/MIPS/pipeline-cache/lab4-pipeline-cache/lab4-pipeline-cache.sim/sim_1/behav/xsim/xvlog.log'
ERROR: [USF-XSim-62] 'compile' step failed with error(s). Please check the Tcl console output or '/home/lhq/Workspace/MIPS/pipeline-cache/lab4-pipeline-cache/lab4-pipeline-cache.sim/sim_1/behav/xsim/xvlog.log' file for more information.
ERROR: [Vivado 12-4473] Detected error while running simulation. Please correct the issue and retry this operation.
ERROR: [Common 17-39] 'launch_simulation' failed due to earlier errors.
launch_simulation
INFO: [Vivado 12-5682] Launching behavioral simulation in '/home/lhq/Workspace/MIPS/pipeline-cache/lab4-pipeline-cache/lab4-pipeline-cache.sim/sim_1/behav/xsim'
INFO: [SIM-utils-51] Simulation object is 'sim_1'
INFO: [SIM-utils-54] Inspecting design source files for 'MIPS_tb' in fileset 'sim_1'...
INFO: [USF-XSim-97] Finding global include files...
INFO: [USF-XSim-98] Fetching design files from 'sim_1'...
INFO: [USF-XSim-2] XSim::Compile design
INFO: [USF-XSim-61] Executing 'COMPILE and ANALYZE' step in '/home/lhq/Workspace/MIPS/pipeline-cache/lab4-pipeline-cache/lab4-pipeline-cache.sim/sim_1/behav/xsim'
xvlog --incr --relax -prj MIPS_tb_vlog.prj
INFO: [VRFC 10-2263] Analyzing Verilog file "/home/lhq/Workspace/MIPS/pipeline-cache/testbench.v" into library xil_defaultlib
INFO: [VRFC 10-311] analyzing module RAMCache_tb
ERROR: [VRFC 10-3805] use of undefined macro 'BLOCK_TAG' [/home/lhq/Workspace/MIPS/pipeline-cache/testbench.v:27]
ERROR: [VRFC 10-1412] syntax error near ] [/home/lhq/Workspace/MIPS/pipeline-cache/testbench.v:27]
ERROR: [VRFC 10-1412] syntax error near ] [/home/lhq/Workspace/MIPS/pipeline-cache/testbench.v:28]
ERROR: [VRFC 10-3805] use of undefined macro 'RESPONSE_READY' [/home/lhq/Workspace/MIPS/pipeline-cache/testbench.v:29]
ERROR: [VRFC 10-1412] syntax error near ] [/home/lhq/Workspace/MIPS/pipeline-cache/testbench.v:29]
ERROR: [VRFC 10-1412] syntax error near ] [/home/lhq/Workspace/MIPS/pipeline-cache/testbench.v:30]
ERROR: [VRFC 10-3805] use of undefined macro 'BLOCK_DATA_WIDTH' [/home/lhq/Workspace/MIPS/pipeline-cache/testbench.v:37]
ERROR: [VRFC 10-585] dynamic range is not allowed in net declaration [/home/lhq/Workspace/MIPS/pipeline-cache/testbench.v:37]
ERROR: [VRFC 10-3805] use of undefined macro 'RESPONSE_DATA' [/home/lhq/Workspace/MIPS/pipeline-cache/testbench.v:38]
ERROR: [VRFC 10-1412] syntax error near ] [/home/lhq/Workspace/MIPS/pipeline-cache/testbench.v:38]
ERROR: [VRFC 10-585] dynamic range is not allowed in net declaration [/home/lhq/Workspace/MIPS/pipeline-cache/testbench.v:38]
ERROR: [VRFC 10-1412] syntax error near ] [/home/lhq/Workspace/MIPS/pipeline-cache/testbench.v:39]
ERROR: [VRFC 10-585] dynamic range is not allowed in net declaration [/home/lhq/Workspace/MIPS/pipeline-cache/testbench.v:39]
ERROR: [VRFC 10-585] dynamic range is not allowed in net declaration [/home/lhq/Workspace/MIPS/pipeline-cache/testbench.v:41]
ERROR: [VRFC 10-585] dynamic range is not allowed in net declaration [/home/lhq/Workspace/MIPS/pipeline-cache/testbench.v:42]
ERROR: [VRFC 10-585] dynamic range is not allowed in net declaration [/home/lhq/Workspace/MIPS/pipeline-cache/testbench.v:43]
ERROR: [VRFC 10-1201] packed dimension must specify a range [/home/lhq/Workspace/MIPS/pipeline-cache/testbench.v:37]
ERROR: [VRFC 10-1201] packed dimension must specify a range [/home/lhq/Workspace/MIPS/pipeline-cache/testbench.v:38]
ERROR: [VRFC 10-1201] packed dimension must specify a range [/home/lhq/Workspace/MIPS/pipeline-cache/testbench.v:39]
INFO: [#UNDEF] Sorry, too many errors..
INFO: [USF-XSim-69] 'compile' step finished in '1' seconds
INFO: [USF-XSim-99] Step results log file:'/home/lhq/Workspace/MIPS/pipeline-cache/lab4-pipeline-cache/lab4-pipeline-cache.sim/sim_1/behav/xsim/xvlog.log'
ERROR: [USF-XSim-62] 'compile' step failed with error(s). Please check the Tcl console output or '/home/lhq/Workspace/MIPS/pipeline-cache/lab4-pipeline-cache/lab4-pipeline-cache.sim/sim_1/behav/xsim/xvlog.log' file for more information.
ERROR: [Vivado 12-4473] Detected error while running simulation. Please correct the issue and retry this operation.
ERROR: [Common 17-39] 'launch_simulation' failed due to earlier errors.
launch_simulation
INFO: [Vivado 12-5682] Launching behavioral simulation in '/home/lhq/Workspace/MIPS/pipeline-cache/lab4-pipeline-cache/lab4-pipeline-cache.sim/sim_1/behav/xsim'
INFO: [SIM-utils-51] Simulation object is 'sim_1'
INFO: [SIM-utils-54] Inspecting design source files for 'MIPS_tb' in fileset 'sim_1'...
INFO: [USF-XSim-97] Finding global include files...
INFO: [USF-XSim-98] Fetching design files from 'sim_1'...
INFO: [USF-XSim-2] XSim::Compile design
INFO: [USF-XSim-61] Executing 'COMPILE and ANALYZE' step in '/home/lhq/Workspace/MIPS/pipeline-cache/lab4-pipeline-cache/lab4-pipeline-cache.sim/sim_1/behav/xsim'
xvlog --incr --relax -prj MIPS_tb_vlog.prj
INFO: [VRFC 10-2263] Analyzing Verilog file "/home/lhq/Workspace/MIPS/pipeline-cache/cache.v" into library xil_defaultlib
INFO: [VRFC 10-311] analyzing module Memory
INFO: [VRFC 10-311] analyzing module RAM
INFO: [VRFC 10-311] analyzing module Cache
INFO: [VRFC 10-2263] Analyzing Verilog file "/home/lhq/Workspace/MIPS/pipeline-cache/mips-pipeline.v" into library xil_defaultlib
INFO: [VRFC 10-311] analyzing module top
INFO: [VRFC 10-311] analyzing module Display
INFO: [VRFC 10-311] analyzing module clkdiv
INFO: [VRFC 10-311] analyzing module MIPSTop
INFO: [VRFC 10-311] analyzing module IMem
INFO: [VRFC 10-311] analyzing module DMem
INFO: [VRFC 10-311] analyzing module MIPS
INFO: [VRFC 10-311] analyzing module ALUDecoder
INFO: [VRFC 10-311] analyzing module ControlUnit
INFO: [VRFC 10-311] analyzing module RegisterFile
INFO: [VRFC 10-311] analyzing module Controller
INFO: [VRFC 10-311] analyzing module Datapath
INFO: [VRFC 10-311] analyzing module Hazard
INFO: [VRFC 10-311] analyzing module flopr
INFO: [VRFC 10-311] analyzing module floprc
INFO: [VRFC 10-311] analyzing module flopenr
INFO: [VRFC 10-311] analyzing module flopenrc
INFO: [VRFC 10-311] analyzing module ALU
INFO: [VRFC 10-2263] Analyzing Verilog file "/home/lhq/Workspace/MIPS/pipeline-cache/testbench.v" into library xil_defaultlib
INFO: [VRFC 10-311] analyzing module RAMCache_tb
INFO: [VRFC 10-311] analyzing module Hazard_tb
INFO: [VRFC 10-311] analyzing module Instr_tb
INFO: [VRFC 10-311] analyzing module MIPS_tb
INFO: [USF-XSim-69] 'compile' step finished in '1' seconds
INFO: [USF-XSim-3] XSim::Elaborate design
INFO: [USF-XSim-61] Executing 'ELABORATE' step in '/home/lhq/Workspace/MIPS/pipeline-cache/lab4-pipeline-cache/lab4-pipeline-cache.sim/sim_1/behav/xsim'
Vivado Simulator 2018.3
Copyright 1986-1999, 2001-2018 Xilinx, Inc. All Rights Reserved.
Running: /home/lhq/Workspace/Xilinx/Vivado/2018.3/bin/unwrapped/lnx64.o/xelab -wto adf6295e29a7467294dba3dda1bb032e --incr --debug typical --relax --mt 8 -L xil_defaultlib -L unisims_ver -L unimacro_ver -L secureip --snapshot MIPS_tb_behav xil_defaultlib.MIPS_tb xil_defaultlib.glbl -log elaborate.log 
Using 8 slave threads.
Starting static elaboration
WARNING: [VRFC 10-3091] actual bit length 32 differs from formal bit length 1 for port 'RST' [/home/lhq/Workspace/MIPS/pipeline-cache/cache.v:108]
WARNING: [VRFC 10-3091] actual bit length 32 differs from formal bit length 1 for port 'RST' [/home/lhq/Workspace/MIPS/pipeline-cache/cache.v:109]
Completed static elaboration
Starting simulation data flow analysis
WARNING: [XSIM 43-4099] "/home/lhq/Workspace/MIPS/pipeline-cache/cache.v" Line 74. Module Memory(s=4) doesn't have a timescale but at least one module in design has a timescale.
WARNING: [XSIM 43-4099] "/home/lhq/Workspace/MIPS/pipeline-cache/cache.v" Line 242. Module Cache(s=4) doesn't have a timescale but at least one module in design has a timescale.
WARNING: [XSIM 43-4099] "/home/lhq/Workspace/MIPS/pipeline-cache/cache.v" Line 169. Module RAM doesn't have a timescale but at least one module in design has a timescale.
Completed simulation data flow analysis
Time Resolution for simulation is 1ps
Compiling module xil_defaultlib.ALUDecoder
Compiling module xil_defaultlib.ControlUnit
Compiling module xil_defaultlib.flopenrc(WIDTH=32)
Compiling module xil_defaultlib.flopenr(WIDTH=32)
Compiling module xil_defaultlib.floprc(WIDTH=32)
Compiling module xil_defaultlib.Controller
Compiling module xil_defaultlib.RegisterFile
Compiling module xil_defaultlib.flopenrc(WIDTH=5)
Compiling module xil_defaultlib.ALU
Compiling module xil_defaultlib.flopenr(WIDTH=5)
Compiling module xil_defaultlib.floprc(WIDTH=5)
Compiling module xil_defaultlib.Hazard
Compiling module xil_defaultlib.Datapath
Compiling module xil_defaultlib.MIPS
Compiling module xil_defaultlib.IMem_default
Compiling module xil_defaultlib.Cache(s=4)
Compiling module xil_defaultlib.RAM
Compiling module xil_defaultlib.Memory(s=4)
Compiling module xil_defaultlib.MIPSTop
Compiling module xil_defaultlib.MIPS_tb
Compiling module xil_defaultlib.glbl
Built simulation snapshot MIPS_tb_behav
INFO: [USF-XSim-69] 'elaborate' step finished in '2' seconds
INFO: [USF-XSim-4] XSim::Simulate design
INFO: [USF-XSim-61] Executing 'SIMULATE' step in '/home/lhq/Workspace/MIPS/pipeline-cache/lab4-pipeline-cache/lab4-pipeline-cache.sim/sim_1/behav/xsim'
INFO: [USF-XSim-98] *** Running xsim
   with args "MIPS_tb_behav -key {Behavioral:sim_1:Functional:MIPS_tb} -tclbatch {MIPS_tb.tcl} -log {simulate.log}"
INFO: [USF-XSim-8] Loading simulator feature
Vivado Simulator 2018.3
Time resolution is 1 ps
source MIPS_tb.tcl
# set curr_wave [current_wave_config]
# if { [string length $curr_wave] == 0 } {
#   if { [llength [get_objects]] > 0} {
#     add_wave /
#     set_property needs_save false [current_wave_config]
#   } else {
#      send_msg_id Add_Wave-1 WARNING "No top level signals found. Simulator will start without a wave window. If you want to open a wave window go to 'File->New Waveform Configuration' or type 'create_wave_config' in the TCL console."
#   }
# }
# run 1000ns
INFO: [USF-XSim-96] XSim completed. Design snapshot 'MIPS_tb_behav' loaded.
INFO: [USF-XSim-97] XSim simulation ran for 1000ns
launch_simulation: Time (s): cpu = 00:00:06 ; elapsed = 00:00:06 . Memory (MB): peak = 7474.902 ; gain = 15.996 ; free physical = 1751 ; free virtual = 8015
close_sim
INFO: [Simtcl 6-16] Simulation closed
launch_simulation
INFO: [Vivado 12-5682] Launching behavioral simulation in '/home/lhq/Workspace/MIPS/pipeline-cache/lab4-pipeline-cache/lab4-pipeline-cache.sim/sim_1/behav/xsim'
INFO: [SIM-utils-51] Simulation object is 'sim_1'
INFO: [SIM-utils-54] Inspecting design source files for 'MIPS_tb' in fileset 'sim_1'...
INFO: [USF-XSim-97] Finding global include files...
INFO: [USF-XSim-98] Fetching design files from 'sim_1'...
INFO: [USF-XSim-2] XSim::Compile design
INFO: [USF-XSim-61] Executing 'COMPILE and ANALYZE' step in '/home/lhq/Workspace/MIPS/pipeline-cache/lab4-pipeline-cache/lab4-pipeline-cache.sim/sim_1/behav/xsim'
xvlog --incr --relax -prj MIPS_tb_vlog.prj
INFO: [VRFC 10-2263] Analyzing Verilog file "/home/lhq/Workspace/MIPS/pipeline-cache/cache.v" into library xil_defaultlib
INFO: [VRFC 10-311] analyzing module Memory
INFO: [VRFC 10-311] analyzing module RAM
INFO: [VRFC 10-311] analyzing module Cache
INFO: [VRFC 10-2263] Analyzing Verilog file "/home/lhq/Workspace/MIPS/pipeline-cache/mips-pipeline.v" into library xil_defaultlib
INFO: [VRFC 10-311] analyzing module top
INFO: [VRFC 10-311] analyzing module Display
INFO: [VRFC 10-311] analyzing module clkdiv
INFO: [VRFC 10-311] analyzing module MIPSTop
INFO: [VRFC 10-311] analyzing module IMem
INFO: [VRFC 10-311] analyzing module DMem
INFO: [VRFC 10-311] analyzing module MIPS
INFO: [VRFC 10-311] analyzing module ALUDecoder
INFO: [VRFC 10-311] analyzing module ControlUnit
INFO: [VRFC 10-311] analyzing module RegisterFile
INFO: [VRFC 10-311] analyzing module Controller
INFO: [VRFC 10-311] analyzing module Datapath
INFO: [VRFC 10-311] analyzing module Hazard
INFO: [VRFC 10-311] analyzing module flopr
INFO: [VRFC 10-311] analyzing module floprc
INFO: [VRFC 10-311] analyzing module flopenr
INFO: [VRFC 10-311] analyzing module flopenrc
INFO: [VRFC 10-311] analyzing module ALU
INFO: [VRFC 10-2263] Analyzing Verilog file "/home/lhq/Workspace/MIPS/pipeline-cache/testbench.v" into library xil_defaultlib
INFO: [VRFC 10-311] analyzing module RAMCache_tb
INFO: [VRFC 10-311] analyzing module Hazard_tb
INFO: [VRFC 10-311] analyzing module Instr_tb
INFO: [VRFC 10-311] analyzing module MIPS_tb
INFO: [USF-XSim-69] 'compile' step finished in '2' seconds
INFO: [USF-XSim-3] XSim::Elaborate design
INFO: [USF-XSim-61] Executing 'ELABORATE' step in '/home/lhq/Workspace/MIPS/pipeline-cache/lab4-pipeline-cache/lab4-pipeline-cache.sim/sim_1/behav/xsim'
Vivado Simulator 2018.3
Copyright 1986-1999, 2001-2018 Xilinx, Inc. All Rights Reserved.
Running: /home/lhq/Workspace/Xilinx/Vivado/2018.3/bin/unwrapped/lnx64.o/xelab -wto adf6295e29a7467294dba3dda1bb032e --incr --debug typical --relax --mt 8 -L xil_defaultlib -L unisims_ver -L unimacro_ver -L secureip --snapshot MIPS_tb_behav xil_defaultlib.MIPS_tb xil_defaultlib.glbl -log elaborate.log 
Using 8 slave threads.
Starting static elaboration
WARNING: [VRFC 10-3091] actual bit length 32 differs from formal bit length 1 for port 'RST' [/home/lhq/Workspace/MIPS/pipeline-cache/cache.v:108]
WARNING: [VRFC 10-3091] actual bit length 32 differs from formal bit length 1 for port 'RST' [/home/lhq/Workspace/MIPS/pipeline-cache/cache.v:109]
WARNING: [VRFC 10-3705] select index 6 into 'cnt' is out of bounds [/home/lhq/Workspace/MIPS/pipeline-cache/cache.v:216]
Completed static elaboration
Starting simulation data flow analysis
WARNING: [XSIM 43-4099] "/home/lhq/Workspace/MIPS/pipeline-cache/cache.v" Line 74. Module Memory(s=4) doesn't have a timescale but at least one module in design has a timescale.
WARNING: [XSIM 43-4099] "/home/lhq/Workspace/MIPS/pipeline-cache/cache.v" Line 242. Module Cache(s=4) doesn't have a timescale but at least one module in design has a timescale.
WARNING: [XSIM 43-4099] "/home/lhq/Workspace/MIPS/pipeline-cache/cache.v" Line 169. Module RAM doesn't have a timescale but at least one module in design has a timescale.
Completed simulation data flow analysis
Time Resolution for simulation is 1ps
Compiling module xil_defaultlib.ALUDecoder
Compiling module xil_defaultlib.ControlUnit
Compiling module xil_defaultlib.flopenrc(WIDTH=32)
Compiling module xil_defaultlib.flopenr(WIDTH=32)
Compiling module xil_defaultlib.floprc(WIDTH=32)
Compiling module xil_defaultlib.Controller
Compiling module xil_defaultlib.RegisterFile
Compiling module xil_defaultlib.flopenrc(WIDTH=5)
Compiling module xil_defaultlib.ALU
Compiling module xil_defaultlib.flopenr(WIDTH=5)
Compiling module xil_defaultlib.floprc(WIDTH=5)
Compiling module xil_defaultlib.Hazard
Compiling module xil_defaultlib.Datapath
Compiling module xil_defaultlib.MIPS
Compiling module xil_defaultlib.IMem_default
Compiling module xil_defaultlib.Cache(s=4)
Compiling module xil_defaultlib.RAM
Compiling module xil_defaultlib.Memory(s=4)
Compiling module xil_defaultlib.MIPSTop
Compiling module xil_defaultlib.MIPS_tb
Compiling module xil_defaultlib.glbl
Built simulation snapshot MIPS_tb_behav
INFO: [USF-XSim-69] 'elaborate' step finished in '2' seconds
INFO: [USF-XSim-4] XSim::Simulate design
INFO: [USF-XSim-61] Executing 'SIMULATE' step in '/home/lhq/Workspace/MIPS/pipeline-cache/lab4-pipeline-cache/lab4-pipeline-cache.sim/sim_1/behav/xsim'
INFO: [USF-XSim-98] *** Running xsim
   with args "MIPS_tb_behav -key {Behavioral:sim_1:Functional:MIPS_tb} -tclbatch {MIPS_tb.tcl} -log {simulate.log}"
INFO: [USF-XSim-8] Loading simulator feature
Vivado Simulator 2018.3
Time resolution is 1 ps
source MIPS_tb.tcl
# set curr_wave [current_wave_config]
# if { [string length $curr_wave] == 0 } {
#   if { [llength [get_objects]] > 0} {
#     add_wave /
#     set_property needs_save false [current_wave_config]
#   } else {
#      send_msg_id Add_Wave-1 WARNING "No top level signals found. Simulator will start without a wave window. If you want to open a wave window go to 'File->New Waveform Configuration' or type 'create_wave_config' in the TCL console."
#   }
# }
# run 1000ns
INFO: [USF-XSim-96] XSim completed. Design snapshot 'MIPS_tb_behav' loaded.
INFO: [USF-XSim-97] XSim simulation ran for 1000ns
launch_simulation: Time (s): cpu = 00:00:06 ; elapsed = 00:00:07 . Memory (MB): peak = 7474.953 ; gain = 0.000 ; free physical = 1738 ; free virtual = 8003
close_sim
INFO: [Simtcl 6-16] Simulation closed
launch_simulation
INFO: [Vivado 12-5682] Launching behavioral simulation in '/home/lhq/Workspace/MIPS/pipeline-cache/lab4-pipeline-cache/lab4-pipeline-cache.sim/sim_1/behav/xsim'
INFO: [SIM-utils-51] Simulation object is 'sim_1'
INFO: [SIM-utils-54] Inspecting design source files for 'MIPS_tb' in fileset 'sim_1'...
INFO: [USF-XSim-97] Finding global include files...
INFO: [USF-XSim-98] Fetching design files from 'sim_1'...
INFO: [USF-XSim-2] XSim::Compile design
INFO: [USF-XSim-61] Executing 'COMPILE and ANALYZE' step in '/home/lhq/Workspace/MIPS/pipeline-cache/lab4-pipeline-cache/lab4-pipeline-cache.sim/sim_1/behav/xsim'
xvlog --incr --relax -prj MIPS_tb_vlog.prj
INFO: [VRFC 10-2263] Analyzing Verilog file "/home/lhq/Workspace/MIPS/pipeline-cache/testbench.v" into library xil_defaultlib
INFO: [VRFC 10-311] analyzing module RAMCache_tb
ERROR: [VRFC 10-3805] use of undefined macro 'BLOCK_TAG' [/home/lhq/Workspace/MIPS/pipeline-cache/testbench.v:27]
ERROR: [VRFC 10-1412] syntax error near ] [/home/lhq/Workspace/MIPS/pipeline-cache/testbench.v:27]
ERROR: [VRFC 10-1412] syntax error near ] [/home/lhq/Workspace/MIPS/pipeline-cache/testbench.v:28]
ERROR: [VRFC 10-3805] use of undefined macro 'RESPONSE_READY' [/home/lhq/Workspace/MIPS/pipeline-cache/testbench.v:29]
ERROR: [VRFC 10-1412] syntax error near ] [/home/lhq/Workspace/MIPS/pipeline-cache/testbench.v:29]
ERROR: [VRFC 10-1412] syntax error near ] [/home/lhq/Workspace/MIPS/pipeline-cache/testbench.v:30]
ERROR: [VRFC 10-3805] use of undefined macro 'BLOCK_DATA_WIDTH' [/home/lhq/Workspace/MIPS/pipeline-cache/testbench.v:37]
ERROR: [VRFC 10-585] dynamic range is not allowed in net declaration [/home/lhq/Workspace/MIPS/pipeline-cache/testbench.v:37]
ERROR: [VRFC 10-3805] use of undefined macro 'RESPONSE_DATA' [/home/lhq/Workspace/MIPS/pipeline-cache/testbench.v:38]
ERROR: [VRFC 10-1412] syntax error near ] [/home/lhq/Workspace/MIPS/pipeline-cache/testbench.v:38]
ERROR: [VRFC 10-585] dynamic range is not allowed in net declaration [/home/lhq/Workspace/MIPS/pipeline-cache/testbench.v:38]
ERROR: [VRFC 10-1412] syntax error near ] [/home/lhq/Workspace/MIPS/pipeline-cache/testbench.v:39]
ERROR: [VRFC 10-585] dynamic range is not allowed in net declaration [/home/lhq/Workspace/MIPS/pipeline-cache/testbench.v:39]
ERROR: [VRFC 10-585] dynamic range is not allowed in net declaration [/home/lhq/Workspace/MIPS/pipeline-cache/testbench.v:41]
ERROR: [VRFC 10-585] dynamic range is not allowed in net declaration [/home/lhq/Workspace/MIPS/pipeline-cache/testbench.v:42]
ERROR: [VRFC 10-585] dynamic range is not allowed in net declaration [/home/lhq/Workspace/MIPS/pipeline-cache/testbench.v:43]
ERROR: [VRFC 10-1201] packed dimension must specify a range [/home/lhq/Workspace/MIPS/pipeline-cache/testbench.v:37]
ERROR: [VRFC 10-1201] packed dimension must specify a range [/home/lhq/Workspace/MIPS/pipeline-cache/testbench.v:38]
ERROR: [VRFC 10-1201] packed dimension must specify a range [/home/lhq/Workspace/MIPS/pipeline-cache/testbench.v:39]
INFO: [#UNDEF] Sorry, too many errors..
INFO: [USF-XSim-69] 'compile' step finished in '1' seconds
INFO: [USF-XSim-99] Step results log file:'/home/lhq/Workspace/MIPS/pipeline-cache/lab4-pipeline-cache/lab4-pipeline-cache.sim/sim_1/behav/xsim/xvlog.log'
ERROR: [USF-XSim-62] 'compile' step failed with error(s). Please check the Tcl console output or '/home/lhq/Workspace/MIPS/pipeline-cache/lab4-pipeline-cache/lab4-pipeline-cache.sim/sim_1/behav/xsim/xvlog.log' file for more information.
ERROR: [Vivado 12-4473] Detected error while running simulation. Please correct the issue and retry this operation.
ERROR: [Common 17-39] 'launch_simulation' failed due to earlier errors.
launch_simulation
INFO: [Vivado 12-5682] Launching behavioral simulation in '/home/lhq/Workspace/MIPS/pipeline-cache/lab4-pipeline-cache/lab4-pipeline-cache.sim/sim_1/behav/xsim'
INFO: [SIM-utils-51] Simulation object is 'sim_1'
INFO: [SIM-utils-54] Inspecting design source files for 'MIPS_tb' in fileset 'sim_1'...
INFO: [USF-XSim-97] Finding global include files...
INFO: [USF-XSim-98] Fetching design files from 'sim_1'...
INFO: [USF-XSim-2] XSim::Compile design
INFO: [USF-XSim-61] Executing 'COMPILE and ANALYZE' step in '/home/lhq/Workspace/MIPS/pipeline-cache/lab4-pipeline-cache/lab4-pipeline-cache.sim/sim_1/behav/xsim'
xvlog --incr --relax -prj MIPS_tb_vlog.prj
INFO: [VRFC 10-2263] Analyzing Verilog file "/home/lhq/Workspace/MIPS/pipeline-cache/testbench.v" into library xil_defaultlib
INFO: [VRFC 10-311] analyzing module RAMCache_tb
ERROR: [VRFC 10-3805] use of undefined macro 'BLOCK_TAG' [/home/lhq/Workspace/MIPS/pipeline-cache/testbench.v:27]
ERROR: [VRFC 10-1412] syntax error near ] [/home/lhq/Workspace/MIPS/pipeline-cache/testbench.v:27]
ERROR: [VRFC 10-1412] syntax error near ] [/home/lhq/Workspace/MIPS/pipeline-cache/testbench.v:28]
ERROR: [VRFC 10-3805] use of undefined macro 'RESPONSE_READY' [/home/lhq/Workspace/MIPS/pipeline-cache/testbench.v:29]
ERROR: [VRFC 10-1412] syntax error near ] [/home/lhq/Workspace/MIPS/pipeline-cache/testbench.v:29]
ERROR: [VRFC 10-1412] syntax error near ] [/home/lhq/Workspace/MIPS/pipeline-cache/testbench.v:30]
ERROR: [VRFC 10-3805] use of undefined macro 'BLOCK_DATA_WIDTH' [/home/lhq/Workspace/MIPS/pipeline-cache/testbench.v:37]
ERROR: [VRFC 10-585] dynamic range is not allowed in net declaration [/home/lhq/Workspace/MIPS/pipeline-cache/testbench.v:37]
ERROR: [VRFC 10-3805] use of undefined macro 'RESPONSE_DATA' [/home/lhq/Workspace/MIPS/pipeline-cache/testbench.v:38]
ERROR: [VRFC 10-1412] syntax error near ] [/home/lhq/Workspace/MIPS/pipeline-cache/testbench.v:38]
ERROR: [VRFC 10-585] dynamic range is not allowed in net declaration [/home/lhq/Workspace/MIPS/pipeline-cache/testbench.v:38]
ERROR: [VRFC 10-1412] syntax error near ] [/home/lhq/Workspace/MIPS/pipeline-cache/testbench.v:39]
ERROR: [VRFC 10-585] dynamic range is not allowed in net declaration [/home/lhq/Workspace/MIPS/pipeline-cache/testbench.v:39]
ERROR: [VRFC 10-585] dynamic range is not allowed in net declaration [/home/lhq/Workspace/MIPS/pipeline-cache/testbench.v:41]
ERROR: [VRFC 10-585] dynamic range is not allowed in net declaration [/home/lhq/Workspace/MIPS/pipeline-cache/testbench.v:42]
ERROR: [VRFC 10-585] dynamic range is not allowed in net declaration [/home/lhq/Workspace/MIPS/pipeline-cache/testbench.v:43]
ERROR: [VRFC 10-1201] packed dimension must specify a range [/home/lhq/Workspace/MIPS/pipeline-cache/testbench.v:37]
ERROR: [VRFC 10-1201] packed dimension must specify a range [/home/lhq/Workspace/MIPS/pipeline-cache/testbench.v:38]
ERROR: [VRFC 10-1201] packed dimension must specify a range [/home/lhq/Workspace/MIPS/pipeline-cache/testbench.v:39]
INFO: [#UNDEF] Sorry, too many errors..
INFO: [USF-XSim-69] 'compile' step finished in '2' seconds
INFO: [USF-XSim-99] Step results log file:'/home/lhq/Workspace/MIPS/pipeline-cache/lab4-pipeline-cache/lab4-pipeline-cache.sim/sim_1/behav/xsim/xvlog.log'
ERROR: [USF-XSim-62] 'compile' step failed with error(s). Please check the Tcl console output or '/home/lhq/Workspace/MIPS/pipeline-cache/lab4-pipeline-cache/lab4-pipeline-cache.sim/sim_1/behav/xsim/xvlog.log' file for more information.
ERROR: [Vivado 12-4473] Detected error while running simulation. Please correct the issue and retry this operation.
ERROR: [Common 17-39] 'launch_simulation' failed due to earlier errors.
launch_simulation
INFO: [Vivado 12-5682] Launching behavioral simulation in '/home/lhq/Workspace/MIPS/pipeline-cache/lab4-pipeline-cache/lab4-pipeline-cache.sim/sim_1/behav/xsim'
INFO: [SIM-utils-51] Simulation object is 'sim_1'
INFO: [SIM-utils-54] Inspecting design source files for 'MIPS_tb' in fileset 'sim_1'...
INFO: [USF-XSim-97] Finding global include files...
INFO: [USF-XSim-98] Fetching design files from 'sim_1'...
INFO: [USF-XSim-2] XSim::Compile design
INFO: [USF-XSim-61] Executing 'COMPILE and ANALYZE' step in '/home/lhq/Workspace/MIPS/pipeline-cache/lab4-pipeline-cache/lab4-pipeline-cache.sim/sim_1/behav/xsim'
xvlog --incr --relax -prj MIPS_tb_vlog.prj
INFO: [VRFC 10-2263] Analyzing Verilog file "/home/lhq/Workspace/MIPS/pipeline-cache/cache.v" into library xil_defaultlib
INFO: [VRFC 10-311] analyzing module Memory
INFO: [VRFC 10-311] analyzing module RAM
INFO: [VRFC 10-311] analyzing module Cache
INFO: [VRFC 10-2263] Analyzing Verilog file "/home/lhq/Workspace/MIPS/pipeline-cache/mips-pipeline.v" into library xil_defaultlib
INFO: [VRFC 10-311] analyzing module top
INFO: [VRFC 10-311] analyzing module Display
INFO: [VRFC 10-311] analyzing module clkdiv
INFO: [VRFC 10-311] analyzing module MIPSTop
INFO: [VRFC 10-311] analyzing module IMem
INFO: [VRFC 10-311] analyzing module DMem
INFO: [VRFC 10-311] analyzing module MIPS
INFO: [VRFC 10-311] analyzing module ALUDecoder
INFO: [VRFC 10-311] analyzing module ControlUnit
INFO: [VRFC 10-311] analyzing module RegisterFile
INFO: [VRFC 10-311] analyzing module Controller
INFO: [VRFC 10-311] analyzing module Datapath
INFO: [VRFC 10-311] analyzing module Hazard
INFO: [VRFC 10-311] analyzing module flopr
INFO: [VRFC 10-311] analyzing module floprc
INFO: [VRFC 10-311] analyzing module flopenr
INFO: [VRFC 10-311] analyzing module flopenrc
INFO: [VRFC 10-311] analyzing module ALU
INFO: [VRFC 10-2263] Analyzing Verilog file "/home/lhq/Workspace/MIPS/pipeline-cache/testbench.v" into library xil_defaultlib
INFO: [VRFC 10-311] analyzing module RAMCache_tb
INFO: [VRFC 10-311] analyzing module Hazard_tb
INFO: [VRFC 10-311] analyzing module Instr_tb
INFO: [VRFC 10-311] analyzing module MIPS_tb
INFO: [USF-XSim-69] 'compile' step finished in '1' seconds
INFO: [USF-XSim-3] XSim::Elaborate design
INFO: [USF-XSim-61] Executing 'ELABORATE' step in '/home/lhq/Workspace/MIPS/pipeline-cache/lab4-pipeline-cache/lab4-pipeline-cache.sim/sim_1/behav/xsim'
Vivado Simulator 2018.3
Copyright 1986-1999, 2001-2018 Xilinx, Inc. All Rights Reserved.
Running: /home/lhq/Workspace/Xilinx/Vivado/2018.3/bin/unwrapped/lnx64.o/xelab -wto adf6295e29a7467294dba3dda1bb032e --incr --debug typical --relax --mt 8 -L xil_defaultlib -L unisims_ver -L unimacro_ver -L secureip --snapshot MIPS_tb_behav xil_defaultlib.MIPS_tb xil_defaultlib.glbl -log elaborate.log 
Using 8 slave threads.
Starting static elaboration
WARNING: [VRFC 10-3091] actual bit length 32 differs from formal bit length 1 for port 'RST' [/home/lhq/Workspace/MIPS/pipeline-cache/cache.v:108]
WARNING: [VRFC 10-3091] actual bit length 32 differs from formal bit length 1 for port 'RST' [/home/lhq/Workspace/MIPS/pipeline-cache/cache.v:109]
WARNING: [VRFC 10-3705] select index 5 into 'cnt' is out of bounds [/home/lhq/Workspace/MIPS/pipeline-cache/cache.v:216]
Completed static elaboration
Starting simulation data flow analysis
WARNING: [XSIM 43-4099] "/home/lhq/Workspace/MIPS/pipeline-cache/cache.v" Line 74. Module Memory(s=4) doesn't have a timescale but at least one module in design has a timescale.
WARNING: [XSIM 43-4099] "/home/lhq/Workspace/MIPS/pipeline-cache/cache.v" Line 242. Module Cache(s=4) doesn't have a timescale but at least one module in design has a timescale.
WARNING: [XSIM 43-4099] "/home/lhq/Workspace/MIPS/pipeline-cache/cache.v" Line 169. Module RAM doesn't have a timescale but at least one module in design has a timescale.
Completed simulation data flow analysis
Time Resolution for simulation is 1ps
Compiling module xil_defaultlib.ALUDecoder
Compiling module xil_defaultlib.ControlUnit
Compiling module xil_defaultlib.flopenrc(WIDTH=32)
Compiling module xil_defaultlib.flopenr(WIDTH=32)
Compiling module xil_defaultlib.floprc(WIDTH=32)
Compiling module xil_defaultlib.Controller
Compiling module xil_defaultlib.RegisterFile
Compiling module xil_defaultlib.flopenrc(WIDTH=5)
Compiling module xil_defaultlib.ALU
Compiling module xil_defaultlib.flopenr(WIDTH=5)
Compiling module xil_defaultlib.floprc(WIDTH=5)
Compiling module xil_defaultlib.Hazard
Compiling module xil_defaultlib.Datapath
Compiling module xil_defaultlib.MIPS
Compiling module xil_defaultlib.IMem_default
Compiling module xil_defaultlib.Cache(s=4)
Compiling module xil_defaultlib.RAM
Compiling module xil_defaultlib.Memory(s=4)
Compiling module xil_defaultlib.MIPSTop
Compiling module xil_defaultlib.MIPS_tb
Compiling module xil_defaultlib.glbl
Built simulation snapshot MIPS_tb_behav
INFO: [USF-XSim-69] 'elaborate' step finished in '2' seconds
INFO: [USF-XSim-4] XSim::Simulate design
INFO: [USF-XSim-61] Executing 'SIMULATE' step in '/home/lhq/Workspace/MIPS/pipeline-cache/lab4-pipeline-cache/lab4-pipeline-cache.sim/sim_1/behav/xsim'
INFO: [USF-XSim-98] *** Running xsim
   with args "MIPS_tb_behav -key {Behavioral:sim_1:Functional:MIPS_tb} -tclbatch {MIPS_tb.tcl} -log {simulate.log}"
INFO: [USF-XSim-8] Loading simulator feature
Vivado Simulator 2018.3
Time resolution is 1 ps
source MIPS_tb.tcl
# set curr_wave [current_wave_config]
# if { [string length $curr_wave] == 0 } {
#   if { [llength [get_objects]] > 0} {
#     add_wave /
#     set_property needs_save false [current_wave_config]
#   } else {
#      send_msg_id Add_Wave-1 WARNING "No top level signals found. Simulator will start without a wave window. If you want to open a wave window go to 'File->New Waveform Configuration' or type 'create_wave_config' in the TCL console."
#   }
# }
# run 1000ns
INFO: [USF-XSim-96] XSim completed. Design snapshot 'MIPS_tb_behav' loaded.
INFO: [USF-XSim-97] XSim simulation ran for 1000ns
launch_simulation: Time (s): cpu = 00:00:08 ; elapsed = 00:00:07 . Memory (MB): peak = 7498.914 ; gain = 23.938 ; free physical = 1732 ; free virtual = 8001
relaunch_sim
INFO: [Vivado 12-5682] Launching behavioral simulation in '/home/lhq/Workspace/MIPS/pipeline-cache/lab4-pipeline-cache/lab4-pipeline-cache.sim/sim_1/behav/xsim'
INFO: [SIM-utils-51] Simulation object is 'sim_1'
INFO: [SIM-utils-54] Inspecting design source files for 'MIPS_tb' in fileset 'sim_1'...
INFO: [USF-XSim-97] Finding global include files...
INFO: [USF-XSim-98] Fetching design files from 'sim_1'...
INFO: [USF-XSim-2] XSim::Compile design
INFO: [USF-XSim-61] Executing 'COMPILE and ANALYZE' step in '/home/lhq/Workspace/MIPS/pipeline-cache/lab4-pipeline-cache/lab4-pipeline-cache.sim/sim_1/behav/xsim'
xvlog --incr --relax -prj MIPS_tb_vlog.prj
INFO: [VRFC 10-2263] Analyzing Verilog file "/home/lhq/Workspace/MIPS/pipeline-cache/cache.v" into library xil_defaultlib
INFO: [VRFC 10-311] analyzing module Memory
INFO: [VRFC 10-311] analyzing module RAM
INFO: [VRFC 10-311] analyzing module Cache
INFO: [VRFC 10-2263] Analyzing Verilog file "/home/lhq/Workspace/MIPS/pipeline-cache/mips-pipeline.v" into library xil_defaultlib
INFO: [VRFC 10-311] analyzing module top
INFO: [VRFC 10-311] analyzing module Display
INFO: [VRFC 10-311] analyzing module clkdiv
INFO: [VRFC 10-311] analyzing module MIPSTop
INFO: [VRFC 10-311] analyzing module IMem
INFO: [VRFC 10-311] analyzing module DMem
INFO: [VRFC 10-311] analyzing module MIPS
INFO: [VRFC 10-311] analyzing module ALUDecoder
INFO: [VRFC 10-311] analyzing module ControlUnit
INFO: [VRFC 10-311] analyzing module RegisterFile
INFO: [VRFC 10-311] analyzing module Controller
INFO: [VRFC 10-311] analyzing module Datapath
INFO: [VRFC 10-311] analyzing module Hazard
INFO: [VRFC 10-311] analyzing module flopr
INFO: [VRFC 10-311] analyzing module floprc
INFO: [VRFC 10-311] analyzing module flopenr
INFO: [VRFC 10-311] analyzing module flopenrc
INFO: [VRFC 10-311] analyzing module ALU
INFO: [VRFC 10-2263] Analyzing Verilog file "/home/lhq/Workspace/MIPS/pipeline-cache/testbench.v" into library xil_defaultlib
INFO: [VRFC 10-311] analyzing module RAMCache_tb
INFO: [VRFC 10-311] analyzing module Hazard_tb
INFO: [VRFC 10-311] analyzing module Instr_tb
INFO: [VRFC 10-311] analyzing module MIPS_tb
INFO: [USF-XSim-69] 'compile' step finished in '1' seconds
INFO: [Vivado 12-5682] Launching behavioral simulation in '/home/lhq/Workspace/MIPS/pipeline-cache/lab4-pipeline-cache/lab4-pipeline-cache.sim/sim_1/behav/xsim'
INFO: [USF-XSim-3] XSim::Elaborate design
INFO: [USF-XSim-61] Executing 'ELABORATE' step in '/home/lhq/Workspace/MIPS/pipeline-cache/lab4-pipeline-cache/lab4-pipeline-cache.sim/sim_1/behav/xsim'
Vivado Simulator 2018.3
Copyright 1986-1999, 2001-2018 Xilinx, Inc. All Rights Reserved.
Running: /home/lhq/Workspace/Xilinx/Vivado/2018.3/bin/unwrapped/lnx64.o/xelab -wto adf6295e29a7467294dba3dda1bb032e --incr --debug typical --relax --mt 8 -L xil_defaultlib -L unisims_ver -L unimacro_ver -L secureip --snapshot MIPS_tb_behav xil_defaultlib.MIPS_tb xil_defaultlib.glbl -log elaborate.log 
Using 8 slave threads.
Starting static elaboration
WARNING: [VRFC 10-3091] actual bit length 32 differs from formal bit length 1 for port 'RST' [/home/lhq/Workspace/MIPS/pipeline-cache/cache.v:108]
WARNING: [VRFC 10-3091] actual bit length 32 differs from formal bit length 1 for port 'RST' [/home/lhq/Workspace/MIPS/pipeline-cache/cache.v:109]
Completed static elaboration
Starting simulation data flow analysis
WARNING: [XSIM 43-4099] "/home/lhq/Workspace/MIPS/pipeline-cache/cache.v" Line 74. Module Memory(s=4) doesn't have a timescale but at least one module in design has a timescale.
WARNING: [XSIM 43-4099] "/home/lhq/Workspace/MIPS/pipeline-cache/cache.v" Line 242. Module Cache(s=4) doesn't have a timescale but at least one module in design has a timescale.
WARNING: [XSIM 43-4099] "/home/lhq/Workspace/MIPS/pipeline-cache/cache.v" Line 169. Module RAM doesn't have a timescale but at least one module in design has a timescale.
Completed simulation data flow analysis
Time Resolution for simulation is 1ps
Compiling module xil_defaultlib.ALUDecoder
Compiling module xil_defaultlib.ControlUnit
Compiling module xil_defaultlib.flopenrc(WIDTH=32)
Compiling module xil_defaultlib.flopenr(WIDTH=32)
Compiling module xil_defaultlib.floprc(WIDTH=32)
Compiling module xil_defaultlib.Controller
Compiling module xil_defaultlib.RegisterFile
Compiling module xil_defaultlib.flopenrc(WIDTH=5)
Compiling module xil_defaultlib.ALU
Compiling module xil_defaultlib.flopenr(WIDTH=5)
Compiling module xil_defaultlib.floprc(WIDTH=5)
Compiling module xil_defaultlib.Hazard
Compiling module xil_defaultlib.Datapath
Compiling module xil_defaultlib.MIPS
Compiling module xil_defaultlib.IMem_default
Compiling module xil_defaultlib.Cache(s=4)
Compiling module xil_defaultlib.RAM
Compiling module xil_defaultlib.Memory(s=4)
Compiling module xil_defaultlib.MIPSTop
Compiling module xil_defaultlib.MIPS_tb
Compiling module xil_defaultlib.glbl
Built simulation snapshot MIPS_tb_behav
INFO: [USF-XSim-69] 'elaborate' step finished in '2' seconds
Vivado Simulator 2018.3
Time resolution is 1 ps
relaunch_sim: Time (s): cpu = 00:00:09 ; elapsed = 00:00:09 . Memory (MB): peak = 7517.922 ; gain = 2.949 ; free physical = 1668 ; free virtual = 7935
reset_run synth_1
launch_runs impl_1 -to_step write_bitstream
[Mon Jun 10 16:35:31 2019] Launched synth_1...
Run output will be captured here: /home/lhq/Workspace/MIPS/pipeline-cache/lab4-pipeline-cache/lab4-pipeline-cache.runs/synth_1/runme.log
[Mon Jun 10 16:35:31 2019] Launched impl_1...
Run output will be captured here: /home/lhq/Workspace/MIPS/pipeline-cache/lab4-pipeline-cache/lab4-pipeline-cache.runs/impl_1/runme.log
close_sim
INFO: [Simtcl 6-16] Simulation closed
set_property PROBES.FILE {} [get_hw_devices xc7a100t_0]
set_property FULL_PROBES.FILE {} [get_hw_devices xc7a100t_0]
set_property PROGRAM.FILE {/home/lhq/Workspace/MIPS/pipeline-cache/lab4-pipeline-cache/lab4-pipeline-cache.runs/impl_1/top.bit} [get_hw_devices xc7a100t_0]
program_hw_devices [get_hw_devices xc7a100t_0]
INFO: [Labtools 27-3164] End of startup status: HIGH
refresh_hw_device [lindex [get_hw_devices xc7a100t_0] 0]
INFO: [Labtools 27-1434] Device xc7a100t (JTAG device index = 0) is programmed with a design that has no supported debug core(s) in it.
ERROR: [Labtoolstcl 44-513] HW Target shutdown. Closing target: localhost:3121/xilinx_tcf/Digilent/210292710309A
exit
INFO: [Common 17-206] Exiting Vivado at Mon Jun 10 18:00:23 2019...
