#-----------------------------------------------------------
# Vivado v2018.3 (64-bit)
# SW Build 2405991 on Thu Dec  6 23:36:41 MST 2018
# IP Build 2404404 on Fri Dec  7 01:43:56 MST 2018
# Start of session at: Mon Jun 10 13:25:20 2019
# Process ID: 20633
# Current directory: /home/lhq/Workspace/MIPS
# Command line: vivado
# Log file: /home/lhq/Workspace/MIPS/vivado.log
# Journal file: /home/lhq/Workspace/MIPS/vivado.jou
#-----------------------------------------------------------
start_gui
open_project /home/lhq/Workspace/MIPS/pipeline-cache/lab4-pipeline-cache/lab4-pipeline-cache.xpr
Scanning sources...
Finished scanning sources
INFO: [IP_Flow 19-234] Refreshing IP repositories
INFO: [IP_Flow 19-1704] No user IP repositories specified
INFO: [IP_Flow 19-2313] Loaded Vivado IP repository '/home/lhq/Workspace/Xilinx/Vivado/2018.3/data/ip'.
open_project: Time (s): cpu = 00:00:19 ; elapsed = 00:00:15 . Memory (MB): peak = 6358.750 ; gain = 88.449 ; free physical = 2165 ; free virtual = 9017
update_compile_order -fileset sources_1
launch_simulation
INFO: [Vivado 12-5682] Launching behavioral simulation in '/home/lhq/Workspace/MIPS/pipeline-cache/lab4-pipeline-cache/lab4-pipeline-cache.sim/sim_1/behav/xsim'
INFO: [SIM-utils-51] Simulation object is 'sim_1'
INFO: [SIM-utils-54] Inspecting design source files for 'MIPS_tb' in fileset 'sim_1'...
INFO: [USF-XSim-97] Finding global include files...
INFO: [USF-XSim-98] Fetching design files from 'sim_1'...
INFO: [USF-XSim-2] XSim::Compile design
INFO: [USF-XSim-61] Executing 'COMPILE and ANALYZE' step in '/home/lhq/Workspace/MIPS/pipeline-cache/lab4-pipeline-cache/lab4-pipeline-cache.sim/sim_1/behav/xsim'
xvlog --incr --relax -prj MIPS_tb_vlog.prj
INFO: [VRFC 10-2263] Analyzing Verilog file "/home/lhq/Workspace/MIPS/pipeline-cache/cache.v" into library xil_defaultlib
INFO: [VRFC 10-311] analyzing module Memory
INFO: [VRFC 10-311] analyzing module RAM
INFO: [VRFC 10-311] analyzing module Cache
INFO: [VRFC 10-2263] Analyzing Verilog file "/home/lhq/Workspace/MIPS/pipeline-cache/mips-pipeline.v" into library xil_defaultlib
INFO: [VRFC 10-311] analyzing module top
INFO: [VRFC 10-311] analyzing module Display
INFO: [VRFC 10-311] analyzing module clkdiv
INFO: [VRFC 10-311] analyzing module MIPSTop
INFO: [VRFC 10-311] analyzing module IMem
INFO: [VRFC 10-311] analyzing module DMem
INFO: [VRFC 10-311] analyzing module MIPS
INFO: [VRFC 10-311] analyzing module ALUDecoder
INFO: [VRFC 10-311] analyzing module ControlUnit
INFO: [VRFC 10-311] analyzing module RegisterFile
INFO: [VRFC 10-311] analyzing module Controller
INFO: [VRFC 10-311] analyzing module Datapath
INFO: [VRFC 10-311] analyzing module Hazard
INFO: [VRFC 10-311] analyzing module flopr
INFO: [VRFC 10-311] analyzing module floprc
INFO: [VRFC 10-311] analyzing module flopenr
INFO: [VRFC 10-311] analyzing module flopenrc
INFO: [VRFC 10-311] analyzing module ALU
INFO: [VRFC 10-2263] Analyzing Verilog file "/home/lhq/Workspace/MIPS/pipeline-cache/testbench.v" into library xil_defaultlib
INFO: [VRFC 10-311] analyzing module RAMCache_tb
INFO: [VRFC 10-311] analyzing module Hazard_tb
INFO: [VRFC 10-311] analyzing module Instr_tb
INFO: [VRFC 10-311] analyzing module MIPS_tb
INFO: [USF-XSim-69] 'compile' step finished in '3' seconds
INFO: [USF-XSim-3] XSim::Elaborate design
INFO: [USF-XSim-61] Executing 'ELABORATE' step in '/home/lhq/Workspace/MIPS/pipeline-cache/lab4-pipeline-cache/lab4-pipeline-cache.sim/sim_1/behav/xsim'
Vivado Simulator 2018.3
Copyright 1986-1999, 2001-2018 Xilinx, Inc. All Rights Reserved.
Running: /home/lhq/Workspace/Xilinx/Vivado/2018.3/bin/unwrapped/lnx64.o/xelab -wto adf6295e29a7467294dba3dda1bb032e --incr --debug typical --relax --mt 8 -L xil_defaultlib -L unisims_ver -L unimacro_ver -L secureip --snapshot MIPS_tb_behav xil_defaultlib.MIPS_tb xil_defaultlib.glbl -log elaborate.log 
Using 8 slave threads.
Starting static elaboration
WARNING: [VRFC 10-3091] actual bit length 32 differs from formal bit length 1 for port 'RST' [/home/lhq/Workspace/MIPS/pipeline-cache/cache.v:108]
WARNING: [VRFC 10-3091] actual bit length 32 differs from formal bit length 1 for port 'RST' [/home/lhq/Workspace/MIPS/pipeline-cache/cache.v:109]
Completed static elaboration
Starting simulation data flow analysis
WARNING: [XSIM 43-4099] "/home/lhq/Workspace/MIPS/pipeline-cache/cache.v" Line 74. Module Memory(s=4) doesn't have a timescale but at least one module in design has a timescale.
WARNING: [XSIM 43-4099] "/home/lhq/Workspace/MIPS/pipeline-cache/cache.v" Line 239. Module Cache(s=4) doesn't have a timescale but at least one module in design has a timescale.
WARNING: [XSIM 43-4099] "/home/lhq/Workspace/MIPS/pipeline-cache/cache.v" Line 169. Module RAM doesn't have a timescale but at least one module in design has a timescale.
Completed simulation data flow analysis
Time Resolution for simulation is 1ps
Compiling module xil_defaultlib.ALUDecoder
Compiling module xil_defaultlib.ControlUnit
Compiling module xil_defaultlib.flopenrc(WIDTH=32)
Compiling module xil_defaultlib.flopenr(WIDTH=32)
Compiling module xil_defaultlib.floprc(WIDTH=32)
Compiling module xil_defaultlib.Controller
Compiling module xil_defaultlib.RegisterFile
Compiling module xil_defaultlib.flopenrc(WIDTH=5)
Compiling module xil_defaultlib.ALU
Compiling module xil_defaultlib.flopenr(WIDTH=5)
Compiling module xil_defaultlib.floprc(WIDTH=5)
Compiling module xil_defaultlib.Hazard
Compiling module xil_defaultlib.Datapath
Compiling module xil_defaultlib.MIPS
Compiling module xil_defaultlib.IMem_default
Compiling module xil_defaultlib.Cache(s=4)
Compiling module xil_defaultlib.RAM
Compiling module xil_defaultlib.Memory(s=4)
Compiling module xil_defaultlib.MIPSTop
Compiling module xil_defaultlib.MIPS_tb
Compiling module xil_defaultlib.glbl
Built simulation snapshot MIPS_tb_behav

****** Webtalk v2018.3 (64-bit)
  **** SW Build 2405991 on Thu Dec  6 23:36:41 MST 2018
  **** IP Build 2404404 on Fri Dec  7 01:43:56 MST 2018
    ** Copyright 1986-2018 Xilinx, Inc. All Rights Reserved.

source /home/lhq/Workspace/MIPS/pipeline-cache/lab4-pipeline-cache/lab4-pipeline-cache.sim/sim_1/behav/xsim/xsim.dir/MIPS_tb_behav/webtalk/xsim_webtalk.tcl -notrace
INFO: [Common 17-186] '/home/lhq/Workspace/MIPS/pipeline-cache/lab4-pipeline-cache/lab4-pipeline-cache.sim/sim_1/behav/xsim/xsim.dir/MIPS_tb_behav/webtalk/usage_statistics_ext_xsim.xml' has been successfully sent to Xilinx on Mon Jun 10 15:06:12 2019. For additional details about this file, please refer to the WebTalk help file at /home/lhq/Workspace/Xilinx/Vivado/2018.3/doc/webtalk_introduction.html.
webtalk_transmit: Time (s): cpu = 00:00:00.97 ; elapsed = 00:00:07 . Memory (MB): peak = 378.176 ; gain = 0.000 ; free physical = 1776 ; free virtual = 8737
INFO: [Common 17-206] Exiting Webtalk at Mon Jun 10 15:06:12 2019...
run_program: Time (s): cpu = 00:00:07 ; elapsed = 00:00:16 . Memory (MB): peak = 6624.527 ; gain = 0.000 ; free physical = 1839 ; free virtual = 8801
INFO: [USF-XSim-69] 'elaborate' step finished in '17' seconds
INFO: [USF-XSim-4] XSim::Simulate design
INFO: [USF-XSim-61] Executing 'SIMULATE' step in '/home/lhq/Workspace/MIPS/pipeline-cache/lab4-pipeline-cache/lab4-pipeline-cache.sim/sim_1/behav/xsim'
INFO: [USF-XSim-98] *** Running xsim
   with args "MIPS_tb_behav -key {Behavioral:sim_1:Functional:MIPS_tb} -tclbatch {MIPS_tb.tcl} -log {simulate.log}"
INFO: [USF-XSim-8] Loading simulator feature
Vivado Simulator 2018.3
Time resolution is 1 ps
source MIPS_tb.tcl
# set curr_wave [current_wave_config]
# if { [string length $curr_wave] == 0 } {
#   if { [llength [get_objects]] > 0} {
#     add_wave /
#     set_property needs_save false [current_wave_config]
#   } else {
#      send_msg_id Add_Wave-1 WARNING "No top level signals found. Simulator will start without a wave window. If you want to open a wave window go to 'File->New Waveform Configuration' or type 'create_wave_config' in the TCL console."
#   }
# }
# run 1000ns
xsim: Time (s): cpu = 00:00:10 ; elapsed = 00:00:06 . Memory (MB): peak = 6723.207 ; gain = 89.664 ; free physical = 1776 ; free virtual = 8752
INFO: [USF-XSim-96] XSim completed. Design snapshot 'MIPS_tb_behav' loaded.
INFO: [USF-XSim-97] XSim simulation ran for 1000ns
launch_simulation: Time (s): cpu = 00:00:21 ; elapsed = 00:00:26 . Memory (MB): peak = 6723.207 ; gain = 100.668 ; free physical = 1776 ; free virtual = 8752
relaunch_sim
