#-----------------------------------------------------------
# Vivado v2018.3 (64-bit)
# SW Build 2405991 on Thu Dec  6 23:36:41 MST 2018
# IP Build 2404404 on Fri Dec  7 01:43:56 MST 2018
# Start of session at: Mon Jun  3 14:56:21 2019
# Process ID: 32418
# Current directory: /home/lhq/Workspace/MIPS
# Command line: vivado
# Log file: /home/lhq/Workspace/MIPS/vivado.log
# Journal file: /home/lhq/Workspace/MIPS/vivado.jou
#-----------------------------------------------------------
start_gui
create_project lab4-pipeline-cache /home/lhq/Workspace/MIPS/pipeline-cache/lab4-pipeline-cache -part xc7a100tcsg324-1
INFO: [IP_Flow 19-234] Refreshing IP repositories
INFO: [IP_Flow 19-1704] No user IP repositories specified
INFO: [IP_Flow 19-2313] Loaded Vivado IP repository '/home/lhq/Workspace/Xilinx/Vivado/2018.3/data/ip'.
create_project: Time (s): cpu = 00:00:16 ; elapsed = 00:00:06 . Memory (MB): peak = 6330.016 ; gain = 45.688 ; free physical = 1079 ; free virtual = 8231
add_files -norecurse {/home/lhq/Workspace/MIPS/pipeline-cache/mips-pipeline.v /home/lhq/Workspace/MIPS/pipeline-cache/cache.v}
update_compile_order -fileset sources_1
set_property SOURCE_SET sources_1 [get_filesets sim_1]
add_files -fileset sim_1 -norecurse /home/lhq/Workspace/MIPS/pipeline-cache/testbench.v
update_compile_order -fileset sim_1
add_files -fileset constrs_1 -norecurse /home/lhq/Workspace/MIPS/pipeline-cache/constrs.xdc
launch_runs synth_1
[Mon Jun  3 15:00:22 2019] Launched synth_1...
Run output will be captured here: /home/lhq/Workspace/MIPS/pipeline-cache/lab4-pipeline-cache/lab4-pipeline-cache.runs/synth_1/runme.log
reset_run synth_1
launch_runs synth_1
[Mon Jun  3 15:01:15 2019] Launched synth_1...
Run output will be captured here: /home/lhq/Workspace/MIPS/pipeline-cache/lab4-pipeline-cache/lab4-pipeline-cache.runs/synth_1/runme.log
open_project /home/lhq/Workspace/MIPS/pipeline/lab3-pipeline/lab3-pipeline.xpr
Scanning sources...
Finished scanning sources
INFO: [IP_Flow 19-234] Refreshing IP repositories
INFO: [IP_Flow 19-1704] No user IP repositories specified
INFO: [IP_Flow 19-2313] Loaded Vivado IP repository '/home/lhq/Workspace/Xilinx/Vivado/2018.3/data/ip'.
open_project: Time (s): cpu = 00:00:12 ; elapsed = 00:00:06 . Memory (MB): peak = 6522.914 ; gain = 18.008 ; free physical = 910 ; free virtual = 8110
update_compile_order -fileset sources_1
reset_run synth_1
launch_runs synth_1
[Mon Jun  3 15:04:08 2019] Launched synth_1...
Run output will be captured here: /home/lhq/Workspace/MIPS/pipeline/lab3-pipeline/lab3-pipeline.runs/synth_1/runme.log
reset_run synth_1
close_project
open_project /home/lhq/Workspace/MIPS/pipeline/lab3-pipeline/lab3-pipeline.xpr
Scanning sources...
Finished scanning sources
INFO: [IP_Flow 19-234] Refreshing IP repositories
INFO: [IP_Flow 19-1704] No user IP repositories specified
INFO: [IP_Flow 19-2313] Loaded Vivado IP repository '/home/lhq/Workspace/Xilinx/Vivado/2018.3/data/ip'.
open_project: Time (s): cpu = 00:00:07 ; elapsed = 00:00:12 . Memory (MB): peak = 6562.336 ; gain = 0.000 ; free physical = 2767 ; free virtual = 8716
update_compile_order -fileset sources_1
close_project
reset_run synth_1
launch_runs synth_1
[Mon Jun  3 15:09:53 2019] Launched synth_1...
Run output will be captured here: /home/lhq/Workspace/MIPS/pipeline-cache/lab4-pipeline-cache/lab4-pipeline-cache.runs/synth_1/runme.log
reset_run synth_1
launch_runs synth_1
[Mon Jun  3 15:12:02 2019] Launched synth_1...
Run output will be captured here: /home/lhq/Workspace/MIPS/pipeline-cache/lab4-pipeline-cache/lab4-pipeline-cache.runs/synth_1/runme.log
launch_runs impl_1
[Mon Jun  3 15:20:04 2019] Launched impl_1...
Run output will be captured here: /home/lhq/Workspace/MIPS/pipeline-cache/lab4-pipeline-cache/lab4-pipeline-cache.runs/impl_1/runme.log
launch_runs impl_1 -to_step write_bitstream
[Mon Jun  3 15:43:11 2019] Launched impl_1...
Run output will be captured here: /home/lhq/Workspace/MIPS/pipeline-cache/lab4-pipeline-cache/lab4-pipeline-cache.runs/impl_1/runme.log
open_hw
connect_hw_server
INFO: [Labtools 27-2285] Connecting to hw_server url TCP:localhost:3121
INFO: [Labtools 27-2222] Launching hw_server...
INFO: [Labtools 27-2221] Launch Output:

****** Xilinx hw_server v2018.3
  **** Build date : Dec  6 2018-23:53:53
    ** Copyright 1986-2018 Xilinx, Inc. All Rights Reserved.


open_hw_target
INFO: [Labtoolstcl 44-466] Opening hw_target localhost:3121/xilinx_tcf/Digilent/210292710309A
open_hw_target: Time (s): cpu = 00:00:07 ; elapsed = 00:00:07 . Memory (MB): peak = 7347.121 ; gain = 754.000 ; free physical = 1830 ; free virtual = 7770
set_property PROGRAM.FILE {/home/lhq/Workspace/MIPS/pipeline-cache/lab4-pipeline-cache/lab4-pipeline-cache.runs/impl_1/top.bit} [get_hw_devices xc7a100t_0]
current_hw_device [get_hw_devices xc7a100t_0]
refresh_hw_device -update_hw_probes false [lindex [get_hw_devices xc7a100t_0] 0]
INFO: [Labtools 27-1434] Device xc7a100t (JTAG device index = 0) is programmed with a design that has no supported debug core(s) in it.
set_property PROBES.FILE {} [get_hw_devices xc7a100t_0]
set_property FULL_PROBES.FILE {} [get_hw_devices xc7a100t_0]
set_property PROGRAM.FILE {/home/lhq/Workspace/MIPS/pipeline-cache/lab4-pipeline-cache/lab4-pipeline-cache.runs/impl_1/top.bit} [get_hw_devices xc7a100t_0]
program_hw_devices [get_hw_devices xc7a100t_0]
INFO: [Labtools 27-3164] End of startup status: HIGH
refresh_hw_device [lindex [get_hw_devices xc7a100t_0] 0]
INFO: [Labtools 27-1434] Device xc7a100t (JTAG device index = 0) is programmed with a design that has no supported debug core(s) in it.
set_property PROBES.FILE {} [get_hw_devices xc7a100t_0]
set_property FULL_PROBES.FILE {} [get_hw_devices xc7a100t_0]
set_property PROGRAM.FILE {/home/lhq/Workspace/MIPS/pipeline-cache/lab4-pipeline-cache/lab4-pipeline-cache.runs/impl_1/top.bit} [get_hw_devices xc7a100t_0]
program_hw_devices [get_hw_devices xc7a100t_0]
INFO: [Labtools 27-3164] End of startup status: HIGH
refresh_hw_device [lindex [get_hw_devices xc7a100t_0] 0]
INFO: [Labtools 27-1434] Device xc7a100t (JTAG device index = 0) is programmed with a design that has no supported debug core(s) in it.
ERROR: [Labtoolstcl 44-513] HW Target shutdown. Closing target: localhost:3121/xilinx_tcf/Digilent/210292710309A
INFO: [Labtoolstcl 44-466] Opening hw_target localhost:3121/xilinx_tcf/Digilent/210292710309A
INFO: [Labtools 27-1434] Device xc7a100t (JTAG device index = 0) is programmed with a design that has no supported debug core(s) in it.
WARNING: [Labtoolstcl 44-129] No matching hw_ila_data was found.
set_property PROBES.FILE {} [get_hw_devices xc7a100t_0]
set_property FULL_PROBES.FILE {} [get_hw_devices xc7a100t_0]
set_property PROGRAM.FILE {/home/lhq/Workspace/MIPS/pipeline-cache/lab4-pipeline-cache/lab4-pipeline-cache.runs/impl_1/top.bit} [get_hw_devices xc7a100t_0]
program_hw_devices [get_hw_devices xc7a100t_0]
INFO: [Labtools 27-3164] End of startup status: HIGH
refresh_hw_device [lindex [get_hw_devices xc7a100t_0] 0]
INFO: [Labtools 27-1434] Device xc7a100t (JTAG device index = 0) is programmed with a design that has no supported debug core(s) in it.
refresh_hw_device [lindex [get_hw_devices xc7a100t_0] 0]
INFO: [Labtools 27-1434] Device xc7a100t (JTAG device index = 0) is programmed with a design that has no supported debug core(s) in it.
set_property PROBES.FILE {} [get_hw_devices xc7a100t_0]
set_property FULL_PROBES.FILE {} [get_hw_devices xc7a100t_0]
set_property PROGRAM.FILE {/home/lhq/Workspace/MIPS/pipeline-cache/lab4-pipeline-cache/lab4-pipeline-cache.runs/impl_1/top.bit} [get_hw_devices xc7a100t_0]
program_hw_devices [get_hw_devices xc7a100t_0]
INFO: [Labtools 27-3164] End of startup status: HIGH
refresh_hw_device [lindex [get_hw_devices xc7a100t_0] 0]
INFO: [Labtools 27-1434] Device xc7a100t (JTAG device index = 0) is programmed with a design that has no supported debug core(s) in it.
set_property PROBES.FILE {} [get_hw_devices xc7a100t_0]
set_property FULL_PROBES.FILE {} [get_hw_devices xc7a100t_0]
set_property PROGRAM.FILE {/home/lhq/Workspace/MIPS/pipeline-cache/lab4-pipeline-cache/lab4-pipeline-cache.runs/impl_1/top.bit} [get_hw_devices xc7a100t_0]
program_hw_devices [get_hw_devices xc7a100t_0]
INFO: [Labtools 27-3164] End of startup status: HIGH
refresh_hw_device [lindex [get_hw_devices xc7a100t_0] 0]
INFO: [Labtools 27-1434] Device xc7a100t (JTAG device index = 0) is programmed with a design that has no supported debug core(s) in it.
close_hw
open_hw
connect_hw_server
INFO: [Labtools 27-2285] Connecting to hw_server url TCP:localhost:3121
open_hw_target
INFO: [Labtoolstcl 44-466] Opening hw_target localhost:3121/xilinx_tcf/Digilent/210292710309A
set_property PROGRAM.FILE {/home/lhq/Workspace/MIPS/pipeline-cache/lab4-pipeline-cache/lab4-pipeline-cache.runs/impl_1/top.bit} [get_hw_devices xc7a100t_0]
current_hw_device [get_hw_devices xc7a100t_0]
refresh_hw_device -update_hw_probes false [lindex [get_hw_devices xc7a100t_0] 0]
INFO: [Labtools 27-1434] Device xc7a100t (JTAG device index = 0) is programmed with a design that has no supported debug core(s) in it.
set_property PROBES.FILE {} [get_hw_devices xc7a100t_0]
set_property FULL_PROBES.FILE {} [get_hw_devices xc7a100t_0]
set_property PROGRAM.FILE {/home/lhq/Workspace/MIPS/pipeline-cache/lab4-pipeline-cache/lab4-pipeline-cache.runs/impl_1/top.bit} [get_hw_devices xc7a100t_0]
program_hw_devices [get_hw_devices xc7a100t_0]
INFO: [Labtools 27-3164] End of startup status: HIGH
refresh_hw_device [lindex [get_hw_devices xc7a100t_0] 0]
INFO: [Labtools 27-1434] Device xc7a100t (JTAG device index = 0) is programmed with a design that has no supported debug core(s) in it.
reset_run impl_1
launch_runs impl_1
[Mon Jun  3 15:51:11 2019] Launched impl_1...
Run output will be captured here: /home/lhq/Workspace/MIPS/pipeline-cache/lab4-pipeline-cache/lab4-pipeline-cache.runs/impl_1/runme.log
reset_run impl_1 -prev_step 
reset_run synth_1
launch_runs impl_1
[Mon Jun  3 15:53:37 2019] Launched synth_1...
Run output will be captured here: /home/lhq/Workspace/MIPS/pipeline-cache/lab4-pipeline-cache/lab4-pipeline-cache.runs/synth_1/runme.log
[Mon Jun  3 15:53:38 2019] Launched impl_1...
Run output will be captured here: /home/lhq/Workspace/MIPS/pipeline-cache/lab4-pipeline-cache/lab4-pipeline-cache.runs/impl_1/runme.log
open_project /home/lhq/Workspace/MIPS/multi-cycle/lab2-multi-cycle/lab2-multi-cycle.xpr
Scanning sources...
Finished scanning sources
WARNING: [filemgmt 56-3] IPUserFilesDir: Could not find the directory '/home/lhq/Workspace/MIPS/multi-cycle/lab2-multi-cycle/lab2-multi-cycle.ip_user_files'.
INFO: [IP_Flow 19-234] Refreshing IP repositories
INFO: [IP_Flow 19-1704] No user IP repositories specified
INFO: [IP_Flow 19-2313] Loaded Vivado IP repository '/home/lhq/Workspace/Xilinx/Vivado/2018.3/data/ip'.
open_project: Time (s): cpu = 00:00:21 ; elapsed = 00:00:15 . Memory (MB): peak = 7455.555 ; gain = 37.469 ; free physical = 1357 ; free virtual = 7288
update_compile_order -fileset sources_1
close_project
ERROR: [Labtoolstcl 44-513] HW Target shutdown. Closing target: localhost:3121/xilinx_tcf/Digilent/210292710309A
launch_runs impl_1 -to_step write_bitstream
[Mon Jun  3 16:13:18 2019] Launched impl_1...
Run output will be captured here: /home/lhq/Workspace/MIPS/pipeline-cache/lab4-pipeline-cache/lab4-pipeline-cache.runs/impl_1/runme.log
disconnect_hw_server localhost:3121
connect_hw_server
INFO: [Labtools 27-2285] Connecting to hw_server url TCP:localhost:3121
open_hw_target
INFO: [Labtoolstcl 44-466] Opening hw_target localhost:3121/xilinx_tcf/Digilent/210292710309A
set_property PROGRAM.FILE {/home/lhq/Workspace/MIPS/pipeline-cache/lab4-pipeline-cache/lab4-pipeline-cache.runs/impl_1/top.bit} [get_hw_devices xc7a100t_0]
current_hw_device [get_hw_devices xc7a100t_0]
refresh_hw_device -update_hw_probes false [lindex [get_hw_devices xc7a100t_0] 0]
INFO: [Labtools 27-1434] Device xc7a100t (JTAG device index = 0) is programmed with a design that has no supported debug core(s) in it.
set_property PROBES.FILE {} [get_hw_devices xc7a100t_0]
set_property FULL_PROBES.FILE {} [get_hw_devices xc7a100t_0]
set_property PROGRAM.FILE {/home/lhq/Workspace/MIPS/pipeline-cache/lab4-pipeline-cache/lab4-pipeline-cache.runs/impl_1/top.bit} [get_hw_devices xc7a100t_0]
program_hw_devices [get_hw_devices xc7a100t_0]
INFO: [Labtools 27-3164] End of startup status: HIGH
refresh_hw_device [lindex [get_hw_devices xc7a100t_0] 0]
INFO: [Labtools 27-1434] Device xc7a100t (JTAG device index = 0) is programmed with a design that has no supported debug core(s) in it.
exit
INFO: [Common 17-206] Exiting Vivado at Mon Jun  3 16:15:16 2019...
