#-----------------------------------------------------------
# Vivado v2018.3 (64-bit)
# SW Build 2405991 on Thu Dec  6 23:36:41 MST 2018
# IP Build 2404404 on Fri Dec  7 01:43:56 MST 2018
# Start of session at: Mon Jun  3 14:47:54 2019
# Process ID: 31065
# Current directory: /home/lhq/Workspace/MIPS
# Command line: vivado
# Log file: /home/lhq/Workspace/MIPS/vivado.log
# Journal file: /home/lhq/Workspace/MIPS/vivado.jou
#-----------------------------------------------------------
start_gui
open_project /home/lhq/Workspace/MIPS/pipeline-cache/lab4-pipeline-cache/lab4-pipeline-cache.xpr
Scanning sources...
Finished scanning sources
INFO: [IP_Flow 19-234] Refreshing IP repositories
INFO: [IP_Flow 19-1704] No user IP repositories specified
INFO: [IP_Flow 19-2313] Loaded Vivado IP repository '/home/lhq/Workspace/Xilinx/Vivado/2018.3/data/ip'.
open_project: Time (s): cpu = 00:00:14 ; elapsed = 00:00:05 . Memory (MB): peak = 6340.777 ; gain = 63.328 ; free physical = 1006 ; free virtual = 8156
update_compile_order -fileset sources_1
reset_run synth_1
launch_runs synth_1
[Mon Jun  3 14:49:17 2019] Launched synth_1...
Run output will be captured here: /home/lhq/Workspace/MIPS/pipeline-cache/lab4-pipeline-cache/lab4-pipeline-cache.runs/synth_1/runme.log
launch_simulation
INFO: [Vivado 12-5682] Launching behavioral simulation in '/home/lhq/Workspace/MIPS/pipeline-cache/lab4-pipeline-cache/lab4-pipeline-cache.sim/sim_1/behav/xsim'
INFO: [SIM-utils-51] Simulation object is 'sim_1'
INFO: [SIM-utils-54] Inspecting design source files for 'MIPS_tb' in fileset 'sim_1'...
INFO: [USF-XSim-97] Finding global include files...
INFO: [USF-XSim-98] Fetching design files from 'sim_1'...
INFO: [USF-XSim-2] XSim::Compile design
INFO: [USF-XSim-61] Executing 'COMPILE and ANALYZE' step in '/home/lhq/Workspace/MIPS/pipeline-cache/lab4-pipeline-cache/lab4-pipeline-cache.sim/sim_1/behav/xsim'
xvlog --incr --relax -prj MIPS_tb_vlog.prj
INFO: [VRFC 10-2263] Analyzing Verilog file "/home/lhq/Workspace/MIPS/pipeline-cache/cache.v" into library xil_defaultlib
INFO: [VRFC 10-311] analyzing module RAMTop
INFO: [VRFC 10-311] analyzing module RAM
INFO: [VRFC 10-311] analyzing module Cache
INFO: [VRFC 10-2263] Analyzing Verilog file "/home/lhq/Workspace/MIPS/pipeline-cache/mips-pipeline.v" into library xil_defaultlib
INFO: [VRFC 10-311] analyzing module top
INFO: [VRFC 10-311] analyzing module Display
INFO: [VRFC 10-311] analyzing module clkdiv
INFO: [VRFC 10-311] analyzing module MIPSTop
INFO: [VRFC 10-311] analyzing module IMem
INFO: [VRFC 10-311] analyzing module DMem
INFO: [VRFC 10-311] analyzing module MIPS
INFO: [VRFC 10-311] analyzing module ALUDecoder
INFO: [VRFC 10-311] analyzing module ControlUnit
INFO: [VRFC 10-311] analyzing module RegisterFile
INFO: [VRFC 10-311] analyzing module Controller
INFO: [VRFC 10-311] analyzing module Datapath
INFO: [VRFC 10-311] analyzing module Hazard
INFO: [VRFC 10-311] analyzing module flopr
INFO: [VRFC 10-311] analyzing module floprc
INFO: [VRFC 10-311] analyzing module flopenr
INFO: [VRFC 10-311] analyzing module flopenrc
INFO: [VRFC 10-311] analyzing module ALU
INFO: [VRFC 10-2263] Analyzing Verilog file "/home/lhq/Workspace/MIPS/pipeline-cache/testbench.v" into library xil_defaultlib
INFO: [VRFC 10-311] analyzing module RAMCache_tb
INFO: [VRFC 10-311] analyzing module Hazard_tb
INFO: [VRFC 10-311] analyzing module Instr_tb
INFO: [VRFC 10-311] analyzing module MIPS_tb
INFO: [USF-XSim-69] 'compile' step finished in '1' seconds
INFO: [USF-XSim-3] XSim::Elaborate design
INFO: [USF-XSim-61] Executing 'ELABORATE' step in '/home/lhq/Workspace/MIPS/pipeline-cache/lab4-pipeline-cache/lab4-pipeline-cache.sim/sim_1/behav/xsim'
Vivado Simulator 2018.3
Copyright 1986-1999, 2001-2018 Xilinx, Inc. All Rights Reserved.
Running: /home/lhq/Workspace/Xilinx/Vivado/2018.3/bin/unwrapped/lnx64.o/xelab -wto 6d92ecb8453942b4bd47032ab426201f --incr --debug typical --relax --mt 8 -L xil_defaultlib -L unisims_ver -L unimacro_ver -L secureip --snapshot MIPS_tb_behav xil_defaultlib.MIPS_tb xil_defaultlib.glbl -log elaborate.log 
Using 8 slave threads.
Starting static elaboration
WARNING: [VRFC 10-3815] value of parameter 't' cannot contain a hierarchical identifier [/home/lhq/Workspace/MIPS/pipeline-cache/cache.v:106]
WARNING: [VRFC 10-3091] actual bit length 5 differs from formal bit length 32 for port 'd' [/home/lhq/Workspace/MIPS/pipeline-cache/mips-pipeline.v:1015]
WARNING: [VRFC 10-3091] actual bit length 32 differs from formal bit length 1 for port 'RST' [/home/lhq/Workspace/MIPS/pipeline-cache/cache.v:103]
WARNING: [VRFC 10-3091] actual bit length 32 differs from formal bit length 1 for port 'RST' [/home/lhq/Workspace/MIPS/pipeline-cache/cache.v:104]
Completed static elaboration
Starting simulation data flow analysis
WARNING: [XSIM 43-4099] "/home/lhq/Workspace/MIPS/pipeline-cache/cache.v" Line 74. Module RAMTop_default doesn't have a timescale but at least one module in design has a timescale.
WARNING: [XSIM 43-4099] "/home/lhq/Workspace/MIPS/pipeline-cache/cache.v" Line 196. Module Cache_default doesn't have a timescale but at least one module in design has a timescale.
WARNING: [XSIM 43-4099] "/home/lhq/Workspace/MIPS/pipeline-cache/cache.v" Line 126. Module RAM doesn't have a timescale but at least one module in design has a timescale.
Completed simulation data flow analysis
Time Resolution for simulation is 1ps
Compiling module xil_defaultlib.ALUDecoder
Compiling module xil_defaultlib.ControlUnit
Compiling module xil_defaultlib.flopenrc(WIDTH=32)
Compiling module xil_defaultlib.flopenr(WIDTH=32)
Compiling module xil_defaultlib.floprc(WIDTH=32)
Compiling module xil_defaultlib.Controller
Compiling module xil_defaultlib.RegisterFile
Compiling module xil_defaultlib.flopenrc(WIDTH=5)
Compiling module xil_defaultlib.ALU
Compiling module xil_defaultlib.floprc(WIDTH=5)
Compiling module xil_defaultlib.Hazard
Compiling module xil_defaultlib.Datapath
Compiling module xil_defaultlib.MIPS
Compiling module xil_defaultlib.IMem_default
Compiling module xil_defaultlib.Cache_default
Compiling module xil_defaultlib.RAM
Compiling module xil_defaultlib.RAMTop_default
Compiling module xil_defaultlib.MIPSTop
Compiling module xil_defaultlib.MIPS_tb
Compiling module xil_defaultlib.glbl
Built simulation snapshot MIPS_tb_behav
INFO: [USF-XSim-69] 'elaborate' step finished in '2' seconds
INFO: [USF-XSim-4] XSim::Simulate design
INFO: [USF-XSim-61] Executing 'SIMULATE' step in '/home/lhq/Workspace/MIPS/pipeline-cache/lab4-pipeline-cache/lab4-pipeline-cache.sim/sim_1/behav/xsim'
INFO: [USF-XSim-98] *** Running xsim
   with args "MIPS_tb_behav -key {Behavioral:sim_1:Functional:MIPS_tb} -tclbatch {MIPS_tb.tcl} -log {simulate.log}"
INFO: [USF-XSim-8] Loading simulator feature
Vivado Simulator 2018.3
Time resolution is 1 ps
source MIPS_tb.tcl
# set curr_wave [current_wave_config]
# if { [string length $curr_wave] == 0 } {
#   if { [llength [get_objects]] > 0} {
#     add_wave /
#     set_property needs_save false [current_wave_config]
#   } else {
#      send_msg_id Add_Wave-1 WARNING "No top level signals found. Simulator will start without a wave window. If you want to open a wave window go to 'File->New Waveform Configuration' or type 'create_wave_config' in the TCL console."
#   }
# }
# run 1000ns
INFO: [USF-XSim-96] XSim completed. Design snapshot 'MIPS_tb_behav' loaded.
INFO: [USF-XSim-97] XSim simulation ran for 1000ns
launch_simulation: Time (s): cpu = 00:00:14 ; elapsed = 00:00:08 . Memory (MB): peak = 6472.000 ; gain = 71.902 ; free physical = 952 ; free virtual = 8103
relaunch_sim
INFO: [Vivado 12-5682] Launching behavioral simulation in '/home/lhq/Workspace/MIPS/pipeline-cache/lab4-pipeline-cache/lab4-pipeline-cache.sim/sim_1/behav/xsim'
INFO: [SIM-utils-51] Simulation object is 'sim_1'
INFO: [SIM-utils-54] Inspecting design source files for 'MIPS_tb' in fileset 'sim_1'...
INFO: [USF-XSim-97] Finding global include files...
INFO: [USF-XSim-98] Fetching design files from 'sim_1'...
INFO: [USF-XSim-2] XSim::Compile design
INFO: [USF-XSim-61] Executing 'COMPILE and ANALYZE' step in '/home/lhq/Workspace/MIPS/pipeline-cache/lab4-pipeline-cache/lab4-pipeline-cache.sim/sim_1/behav/xsim'
xvlog --incr --relax -prj MIPS_tb_vlog.prj
INFO: [VRFC 10-2263] Analyzing Verilog file "/home/lhq/Workspace/MIPS/pipeline-cache/cache.v" into library xil_defaultlib
INFO: [VRFC 10-311] analyzing module RAMTop
INFO: [VRFC 10-311] analyzing module RAM
INFO: [VRFC 10-311] analyzing module Cache
INFO: [VRFC 10-2263] Analyzing Verilog file "/home/lhq/Workspace/MIPS/pipeline-cache/mips-pipeline.v" into library xil_defaultlib
INFO: [VRFC 10-311] analyzing module top
INFO: [VRFC 10-311] analyzing module Display
INFO: [VRFC 10-311] analyzing module clkdiv
INFO: [VRFC 10-311] analyzing module MIPSTop
INFO: [VRFC 10-311] analyzing module IMem
INFO: [VRFC 10-311] analyzing module DMem
INFO: [VRFC 10-311] analyzing module MIPS
INFO: [VRFC 10-311] analyzing module ALUDecoder
INFO: [VRFC 10-311] analyzing module ControlUnit
INFO: [VRFC 10-311] analyzing module RegisterFile
INFO: [VRFC 10-311] analyzing module Controller
INFO: [VRFC 10-311] analyzing module Datapath
INFO: [VRFC 10-311] analyzing module Hazard
INFO: [VRFC 10-311] analyzing module flopr
INFO: [VRFC 10-311] analyzing module floprc
INFO: [VRFC 10-311] analyzing module flopenr
INFO: [VRFC 10-311] analyzing module flopenrc
INFO: [VRFC 10-311] analyzing module ALU
INFO: [VRFC 10-2263] Analyzing Verilog file "/home/lhq/Workspace/MIPS/pipeline-cache/testbench.v" into library xil_defaultlib
INFO: [VRFC 10-311] analyzing module RAMCache_tb
INFO: [VRFC 10-311] analyzing module Hazard_tb
INFO: [VRFC 10-311] analyzing module Instr_tb
INFO: [VRFC 10-311] analyzing module MIPS_tb
INFO: [USF-XSim-69] 'compile' step finished in '1' seconds
INFO: [Vivado 12-5682] Launching behavioral simulation in '/home/lhq/Workspace/MIPS/pipeline-cache/lab4-pipeline-cache/lab4-pipeline-cache.sim/sim_1/behav/xsim'
INFO: [USF-XSim-3] XSim::Elaborate design
INFO: [USF-XSim-61] Executing 'ELABORATE' step in '/home/lhq/Workspace/MIPS/pipeline-cache/lab4-pipeline-cache/lab4-pipeline-cache.sim/sim_1/behav/xsim'
Vivado Simulator 2018.3
Copyright 1986-1999, 2001-2018 Xilinx, Inc. All Rights Reserved.
Running: /home/lhq/Workspace/Xilinx/Vivado/2018.3/bin/unwrapped/lnx64.o/xelab -wto 6d92ecb8453942b4bd47032ab426201f --incr --debug typical --relax --mt 8 -L xil_defaultlib -L unisims_ver -L unimacro_ver -L secureip --snapshot MIPS_tb_behav xil_defaultlib.MIPS_tb xil_defaultlib.glbl -log elaborate.log 
Using 8 slave threads.
Starting static elaboration
WARNING: [VRFC 10-3815] value of parameter 't' cannot contain a hierarchical identifier [/home/lhq/Workspace/MIPS/pipeline-cache/cache.v:106]
WARNING: [VRFC 10-3091] actual bit length 5 differs from formal bit length 32 for port 'd' [/home/lhq/Workspace/MIPS/pipeline-cache/mips-pipeline.v:1015]
WARNING: [VRFC 10-3091] actual bit length 32 differs from formal bit length 1 for port 'RST' [/home/lhq/Workspace/MIPS/pipeline-cache/cache.v:103]
WARNING: [VRFC 10-3091] actual bit length 32 differs from formal bit length 1 for port 'RST' [/home/lhq/Workspace/MIPS/pipeline-cache/cache.v:104]
WARNING: [VRFC 10-3283] element index 15 into 'SW' is out of bounds [/home/lhq/Workspace/MIPS/pipeline-cache/testbench.v:345]
Completed static elaboration
Starting simulation data flow analysis
WARNING: [XSIM 43-4099] "/home/lhq/Workspace/MIPS/pipeline-cache/cache.v" Line 74. Module RAMTop_default doesn't have a timescale but at least one module in design has a timescale.
WARNING: [XSIM 43-4099] "/home/lhq/Workspace/MIPS/pipeline-cache/cache.v" Line 196. Module Cache_default doesn't have a timescale but at least one module in design has a timescale.
WARNING: [XSIM 43-4099] "/home/lhq/Workspace/MIPS/pipeline-cache/cache.v" Line 126. Module RAM doesn't have a timescale but at least one module in design has a timescale.
Completed simulation data flow analysis
Time Resolution for simulation is 1ps
Compiling module xil_defaultlib.ALUDecoder
Compiling module xil_defaultlib.ControlUnit
Compiling module xil_defaultlib.flopenrc(WIDTH=32)
Compiling module xil_defaultlib.flopenr(WIDTH=32)
Compiling module xil_defaultlib.floprc(WIDTH=32)
Compiling module xil_defaultlib.Controller
Compiling module xil_defaultlib.RegisterFile
Compiling module xil_defaultlib.flopenrc(WIDTH=5)
Compiling module xil_defaultlib.ALU
Compiling module xil_defaultlib.floprc(WIDTH=5)
Compiling module xil_defaultlib.Hazard
Compiling module xil_defaultlib.Datapath
Compiling module xil_defaultlib.MIPS
Compiling module xil_defaultlib.IMem_default
Compiling module xil_defaultlib.Cache_default
Compiling module xil_defaultlib.RAM
Compiling module xil_defaultlib.RAMTop_default
Compiling module xil_defaultlib.MIPSTop
Compiling module xil_defaultlib.MIPS_tb
WARNING: [VRFC 10-3456] index 15 is out of range [5:0] for 'SW' [/home/lhq/Workspace/MIPS/pipeline-cache/testbench.v:345]
Compiling module xil_defaultlib.glbl
Built simulation snapshot MIPS_tb_behav
INFO: [USF-XSim-69] 'elaborate' step finished in '3' seconds
Vivado Simulator 2018.3
Time resolution is 1 ps
relaunch_sim: Time (s): cpu = 00:00:08 ; elapsed = 00:00:06 . Memory (MB): peak = 6489.773 ; gain = 0.008 ; free physical = 932 ; free virtual = 8082
close_sim
INFO: [Simtcl 6-16] Simulation closed
launch_simulation
INFO: [Vivado 12-5682] Launching behavioral simulation in '/home/lhq/Workspace/MIPS/pipeline-cache/lab4-pipeline-cache/lab4-pipeline-cache.sim/sim_1/behav/xsim'
INFO: [SIM-utils-51] Simulation object is 'sim_1'
INFO: [SIM-utils-54] Inspecting design source files for 'MIPS_tb' in fileset 'sim_1'...
INFO: [USF-XSim-97] Finding global include files...
INFO: [USF-XSim-98] Fetching design files from 'sim_1'...
INFO: [USF-XSim-2] XSim::Compile design
INFO: [USF-XSim-61] Executing 'COMPILE and ANALYZE' step in '/home/lhq/Workspace/MIPS/pipeline-cache/lab4-pipeline-cache/lab4-pipeline-cache.sim/sim_1/behav/xsim'
xvlog --incr --relax -prj MIPS_tb_vlog.prj
INFO: [VRFC 10-2263] Analyzing Verilog file "/home/lhq/Workspace/MIPS/pipeline-cache/cache.v" into library xil_defaultlib
INFO: [VRFC 10-311] analyzing module RAMTop
INFO: [VRFC 10-311] analyzing module RAM
INFO: [VRFC 10-311] analyzing module Cache
INFO: [VRFC 10-2263] Analyzing Verilog file "/home/lhq/Workspace/MIPS/pipeline-cache/mips-pipeline.v" into library xil_defaultlib
INFO: [VRFC 10-311] analyzing module top
INFO: [VRFC 10-311] analyzing module Display
INFO: [VRFC 10-311] analyzing module clkdiv
INFO: [VRFC 10-311] analyzing module MIPSTop
INFO: [VRFC 10-311] analyzing module IMem
INFO: [VRFC 10-311] analyzing module DMem
INFO: [VRFC 10-311] analyzing module MIPS
INFO: [VRFC 10-311] analyzing module ALUDecoder
INFO: [VRFC 10-311] analyzing module ControlUnit
INFO: [VRFC 10-311] analyzing module RegisterFile
INFO: [VRFC 10-311] analyzing module Controller
INFO: [VRFC 10-311] analyzing module Datapath
INFO: [VRFC 10-311] analyzing module Hazard
INFO: [VRFC 10-311] analyzing module flopr
INFO: [VRFC 10-311] analyzing module floprc
INFO: [VRFC 10-311] analyzing module flopenr
INFO: [VRFC 10-311] analyzing module flopenrc
INFO: [VRFC 10-311] analyzing module ALU
INFO: [VRFC 10-2263] Analyzing Verilog file "/home/lhq/Workspace/MIPS/pipeline-cache/testbench.v" into library xil_defaultlib
INFO: [VRFC 10-311] analyzing module RAMCache_tb
INFO: [VRFC 10-311] analyzing module Hazard_tb
INFO: [VRFC 10-311] analyzing module Instr_tb
INFO: [VRFC 10-311] analyzing module MIPS_tb
INFO: [USF-XSim-69] 'compile' step finished in '2' seconds
INFO: [USF-XSim-3] XSim::Elaborate design
INFO: [USF-XSim-61] Executing 'ELABORATE' step in '/home/lhq/Workspace/MIPS/pipeline-cache/lab4-pipeline-cache/lab4-pipeline-cache.sim/sim_1/behav/xsim'
Vivado Simulator 2018.3
Copyright 1986-1999, 2001-2018 Xilinx, Inc. All Rights Reserved.
Running: /home/lhq/Workspace/Xilinx/Vivado/2018.3/bin/unwrapped/lnx64.o/xelab -wto 6d92ecb8453942b4bd47032ab426201f --incr --debug typical --relax --mt 8 -L xil_defaultlib -L unisims_ver -L unimacro_ver -L secureip --snapshot MIPS_tb_behav xil_defaultlib.MIPS_tb xil_defaultlib.glbl -log elaborate.log 
Using 8 slave threads.
Starting static elaboration
WARNING: [VRFC 10-3815] value of parameter 't' cannot contain a hierarchical identifier [/home/lhq/Workspace/MIPS/pipeline-cache/cache.v:106]
WARNING: [VRFC 10-3091] actual bit length 5 differs from formal bit length 32 for port 'd' [/home/lhq/Workspace/MIPS/pipeline-cache/mips-pipeline.v:1015]
WARNING: [VRFC 10-3091] actual bit length 32 differs from formal bit length 1 for port 'RST' [/home/lhq/Workspace/MIPS/pipeline-cache/cache.v:103]
WARNING: [VRFC 10-3091] actual bit length 32 differs from formal bit length 1 for port 'RST' [/home/lhq/Workspace/MIPS/pipeline-cache/cache.v:104]
Completed static elaboration
Starting simulation data flow analysis
WARNING: [XSIM 43-4099] "/home/lhq/Workspace/MIPS/pipeline-cache/cache.v" Line 74. Module RAMTop_default doesn't have a timescale but at least one module in design has a timescale.
WARNING: [XSIM 43-4099] "/home/lhq/Workspace/MIPS/pipeline-cache/cache.v" Line 196. Module Cache_default doesn't have a timescale but at least one module in design has a timescale.
WARNING: [XSIM 43-4099] "/home/lhq/Workspace/MIPS/pipeline-cache/cache.v" Line 126. Module RAM doesn't have a timescale but at least one module in design has a timescale.
Completed simulation data flow analysis
Time Resolution for simulation is 1ps
Compiling module xil_defaultlib.ALUDecoder
Compiling module xil_defaultlib.ControlUnit
Compiling module xil_defaultlib.flopenrc(WIDTH=32)
Compiling module xil_defaultlib.flopenr(WIDTH=32)
Compiling module xil_defaultlib.floprc(WIDTH=32)
Compiling module xil_defaultlib.Controller
Compiling module xil_defaultlib.RegisterFile
Compiling module xil_defaultlib.flopenrc(WIDTH=5)
Compiling module xil_defaultlib.ALU
Compiling module xil_defaultlib.floprc(WIDTH=5)
Compiling module xil_defaultlib.Hazard
Compiling module xil_defaultlib.Datapath
Compiling module xil_defaultlib.MIPS
Compiling module xil_defaultlib.IMem_default
Compiling module xil_defaultlib.Cache_default
Compiling module xil_defaultlib.RAM
Compiling module xil_defaultlib.RAMTop_default
Compiling module xil_defaultlib.MIPSTop
Compiling module xil_defaultlib.MIPS_tb
Compiling module xil_defaultlib.glbl
Built simulation snapshot MIPS_tb_behav
INFO: [USF-XSim-69] 'elaborate' step finished in '2' seconds
INFO: [USF-XSim-4] XSim::Simulate design
INFO: [USF-XSim-61] Executing 'SIMULATE' step in '/home/lhq/Workspace/MIPS/pipeline-cache/lab4-pipeline-cache/lab4-pipeline-cache.sim/sim_1/behav/xsim'
INFO: [USF-XSim-98] *** Running xsim
   with args "MIPS_tb_behav -key {Behavioral:sim_1:Functional:MIPS_tb} -tclbatch {MIPS_tb.tcl} -log {simulate.log}"
INFO: [USF-XSim-8] Loading simulator feature
Vivado Simulator 2018.3
Time resolution is 1 ps
source MIPS_tb.tcl
# set curr_wave [current_wave_config]
# if { [string length $curr_wave] == 0 } {
#   if { [llength [get_objects]] > 0} {
#     add_wave /
#     set_property needs_save false [current_wave_config]
#   } else {
#      send_msg_id Add_Wave-1 WARNING "No top level signals found. Simulator will start without a wave window. If you want to open a wave window go to 'File->New Waveform Configuration' or type 'create_wave_config' in the TCL console."
#   }
# }
# run 1000ns
INFO: [USF-XSim-96] XSim completed. Design snapshot 'MIPS_tb_behav' loaded.
INFO: [USF-XSim-97] XSim simulation ran for 1000ns
launch_simulation: Time (s): cpu = 00:00:09 ; elapsed = 00:00:06 . Memory (MB): peak = 6489.773 ; gain = 0.000 ; free physical = 899 ; free virtual = 8058
reset_run synth_1
launch_runs synth_1
[Mon Jun  3 14:52:09 2019] Launched synth_1...
Run output will be captured here: /home/lhq/Workspace/MIPS/pipeline-cache/lab4-pipeline-cache/lab4-pipeline-cache.runs/synth_1/runme.log
reset_run synth_1
launch_runs synth_1
[Mon Jun  3 14:53:09 2019] Launched synth_1...
Run output will be captured here: /home/lhq/Workspace/MIPS/pipeline-cache/lab4-pipeline-cache/lab4-pipeline-cache.runs/synth_1/runme.log
close_sim
INFO: [Simtcl 6-16] Simulation closed
exit
INFO: [Common 17-206] Exiting Vivado at Mon Jun  3 14:56:03 2019...
