#-----------------------------------------------------------
# Vivado v2018.3 (64-bit)
# SW Build 2405991 on Thu Dec  6 23:36:41 MST 2018
# IP Build 2404404 on Fri Dec  7 01:43:56 MST 2018
# Start of session at: Mon Jun  3 14:27:32 2019
# Process ID: 28572
# Current directory: /home/lhq/Workspace/MIPS
# Command line: vivado
# Log file: /home/lhq/Workspace/MIPS/vivado.log
# Journal file: /home/lhq/Workspace/MIPS/vivado.jou
#-----------------------------------------------------------
start_gui
open_project /home/lhq/Workspace/MIPS/pipeline-cache/lab4-pipeline-cache/lab4-pipeline-cache.xpr
Scanning sources...
Finished scanning sources
INFO: [IP_Flow 19-234] Refreshing IP repositories
INFO: [IP_Flow 19-1704] No user IP repositories specified
INFO: [IP_Flow 19-2313] Loaded Vivado IP repository '/home/lhq/Workspace/Xilinx/Vivado/2018.3/data/ip'.
open_project: Time (s): cpu = 00:00:16 ; elapsed = 00:00:06 . Memory (MB): peak = 6323.379 ; gain = 56.109 ; free physical = 1031 ; free virtual = 8211
update_compile_order -fileset sources_1
reset_run synth_1
launch_runs synth_1
WARNING: [HDL 9-3756] overwriting previous definition of module 'RAMTop' [/home/lhq/Workspace/MIPS/pipeline-cache/cache.v:72]
WARNING: [HDL 9-3756] overwriting previous definition of module 'RAM' [/home/lhq/Workspace/MIPS/pipeline-cache/cache.v:124]
WARNING: [HDL 9-3756] overwriting previous definition of module 'Cache' [/home/lhq/Workspace/MIPS/pipeline-cache/cache.v:194]
WARNING: [filemgmt 20-1318] Duplicate Design Unit 'RAMTop()' found in library 'xil_defaultlib'
	(Active) Duplicate found at line 72 of file /home/lhq/Workspace/MIPS/pipeline-cache/cache.v
Duplicate found at line 72 of file /home/lhq/Workspace/MIPS/pipeline-cache/mips-pipeline.v
WARNING: [filemgmt 20-1318] Duplicate Design Unit 'RAM()' found in library 'xil_defaultlib'
	(Active) Duplicate found at line 124 of file /home/lhq/Workspace/MIPS/pipeline-cache/cache.v
Duplicate found at line 124 of file /home/lhq/Workspace/MIPS/pipeline-cache/mips-pipeline.v
WARNING: [filemgmt 20-1318] Duplicate Design Unit 'Cache()' found in library 'xil_defaultlib'
	(Active) Duplicate found at line 194 of file /home/lhq/Workspace/MIPS/pipeline-cache/cache.v
Duplicate found at line 194 of file /home/lhq/Workspace/MIPS/pipeline-cache/mips-pipeline.v
[Mon Jun  3 14:28:40 2019] Launched synth_1...
Run output will be captured here: /home/lhq/Workspace/MIPS/pipeline-cache/lab4-pipeline-cache/lab4-pipeline-cache.runs/synth_1/runme.log
reset_run synth_1
launch_runs synth_1
[Mon Jun  3 14:33:47 2019] Launched synth_1...
Run output will be captured here: /home/lhq/Workspace/MIPS/pipeline-cache/lab4-pipeline-cache/lab4-pipeline-cache.runs/synth_1/runme.log
reset_run synth_1
launch_runs synth_1
[Mon Jun  3 14:35:18 2019] Launched synth_1...
Run output will be captured here: /home/lhq/Workspace/MIPS/pipeline-cache/lab4-pipeline-cache/lab4-pipeline-cache.runs/synth_1/runme.log
reset_run synth_1
launch_runs synth_1
[Mon Jun  3 14:36:45 2019] Launched synth_1...
Run output will be captured here: /home/lhq/Workspace/MIPS/pipeline-cache/lab4-pipeline-cache/lab4-pipeline-cache.runs/synth_1/runme.log
reset_run synth_1
launch_runs synth_1
[Mon Jun  3 14:38:33 2019] Launched synth_1...
Run output will be captured here: /home/lhq/Workspace/MIPS/pipeline-cache/lab4-pipeline-cache/lab4-pipeline-cache.runs/synth_1/runme.log
reset_run synth_1
launch_runs synth_1
[Mon Jun  3 14:40:01 2019] Launched synth_1...
Run output will be captured here: /home/lhq/Workspace/MIPS/pipeline-cache/lab4-pipeline-cache/lab4-pipeline-cache.runs/synth_1/runme.log
export_ip_user_files -of_objects  [get_files /home/lhq/Workspace/MIPS/pipeline-cache/cache.v] -no_script -reset -force -quiet
remove_files  /home/lhq/Workspace/MIPS/pipeline-cache/cache.v
add_files -norecurse /home/lhq/Workspace/MIPS/pipeline-cache/cache.v
update_compile_order -fileset sources_1
reset_run synth_1
launch_runs synth_1
[Mon Jun  3 14:43:13 2019] Launched synth_1...
Run output will be captured here: /home/lhq/Workspace/MIPS/pipeline-cache/lab4-pipeline-cache/lab4-pipeline-cache.runs/synth_1/runme.log
exit
INFO: [Common 17-206] Exiting Vivado at Mon Jun  3 14:47:39 2019...
