#-----------------------------------------------------------
# Vivado v2018.3 (64-bit)
# SW Build 2405991 on Thu Dec  6 23:36:41 MST 2018
# IP Build 2404404 on Fri Dec  7 01:43:56 MST 2018
# Start of session at: Mon May  6 15:26:55 2019
# Process ID: 9663
# Current directory: /home/lhq/Workspace/MIPS
# Command line: vivado
# Log file: /home/lhq/Workspace/MIPS/vivado.log
# Journal file: /home/lhq/Workspace/MIPS/vivado.jou
#-----------------------------------------------------------
start_gui
create_project lab3-pipeline /home/lhq/Workspace/MIPS/pipeline/lab3-pipeline -part xc7a100tcsg324-1
INFO: [IP_Flow 19-234] Refreshing IP repositories
INFO: [IP_Flow 19-1704] No user IP repositories specified
INFO: [IP_Flow 19-2313] Loaded Vivado IP repository '/home/lhq/Workspace/Xilinx/Vivado/2018.3/data/ip'.
create_project: Time (s): cpu = 00:00:44 ; elapsed = 00:00:24 . Memory (MB): peak = 6356.234 ; gain = 20.430 ; free physical = 333 ; free virtual = 8256
add_files -norecurse /home/lhq/Workspace/MIPS/pipeline/mips-pipeline.v
add_files -fileset constrs_1 -norecurse /home/lhq/Workspace/MIPS/pipeline/constrs.xdc
update_compile_order -fileset sources_1
exit
INFO: [Common 17-206] Exiting Vivado at Mon May  6 16:29:07 2019...
