Copyright 1986-2018 Xilinx, Inc. All Rights Reserved.
------------------------------------------------------------------------------------
| Tool Version : Vivado v.2018.3 (lin64) Build 2405991 Thu Dec  6 23:36:41 MST 2018
| Date         : Sun Mar 24 15:28:57 2019
| Host         : debian running 64-bit Debian GNU/Linux buster/sid
| Command      : report_control_sets -verbose -file top_control_sets_placed.rpt
| Design       : top
| Device       : xc7a100t
------------------------------------------------------------------------------------

Control Set Information

Table of Contents
-----------------
1. Summary
2. Histogram
3. Flip-Flop Distribution
4. Detailed Control Set Information

1. Summary
----------

+----------------------------------------------------------+-------+
|                          Status                          | Count |
+----------------------------------------------------------+-------+
| Number of unique control sets                            |     6 |
| Unused register locations in slices containing registers |    11 |
+----------------------------------------------------------+-------+


2. Histogram
------------

+--------+--------------+
| Fanout | Control Sets |
+--------+--------------+
|      2 |            1 |
|      6 |            1 |
|    16+ |            4 |
+--------+--------------+


3. Flip-Flop Distribution
-------------------------

+--------------+-----------------------+------------------------+-----------------+--------------+
| Clock Enable | Synchronous Set/Reset | Asynchronous Set/Reset | Total Registers | Total Slices |
+--------------+-----------------------+------------------------+-----------------+--------------+
| No           | No                    | No                     |            4119 |         2755 |
| No           | No                    | Yes                    |              32 |           17 |
| No           | Yes                   | No                     |               6 |            2 |
| Yes          | No                    | No                     |               0 |            0 |
| Yes          | No                    | Yes                    |               0 |            0 |
| Yes          | Yes                   | No                     |               0 |            0 |
+--------------+-----------------------+------------------------+-----------------+--------------+


4. Detailed Control Set Information
-----------------------------------

+----------------------+---------------------------+-------------------+------------------+----------------+
|     Clock Signal     |       Enable Signal       |  Set/Reset Signal | Slice Load Count | Bel Load Count |
+----------------------+---------------------------+-------------------+------------------+----------------+
|  cd/out[0]           |                           |                   |                2 |              2 |
|  cd/out[0]           |                           | dis/an[6]_i_1_n_0 |                2 |              6 |
|  CLK100MHZ_IBUF_BUFG |                           |                   |                6 |             21 |
|  clk_BUFG            |                           | SW_IBUF[0]        |               17 |             32 |
|  clk_BUFG            | mt/mips/dp/rf/writeEnable |                   |               12 |             96 |
|  clk_BUFG            |                           |                   |             2747 |           4096 |
+----------------------+---------------------------+-------------------+------------------+----------------+


