srcscan starts
INFO: analyzing module top (VERI-9002)
INFO: analyzing module Display (VERI-9002)
INFO: analyzing module clkdiv (VERI-9002)
INFO: analyzing module MIPSTop (VERI-9002)
INFO: analyzing module IMem (VERI-9002)
INFO: analyzing module DMem (VERI-9002)
INFO: analyzing module MIPS (VERI-9002)
INFO: analyzing module ALUDecoder (VERI-9002)
INFO: analyzing module ControlUnit (VERI-9002)
INFO: analyzing module RegisterFile (VERI-9002)
INFO: analyzing module Controller (VERI-9002)
INFO: analyzing module Datapath (VERI-9002)
INFO: analyzing module Hazard (VERI-9002)
INFO: analyzing module flopr (VERI-9002)
INFO: analyzing module floprc (VERI-9002)
INFO: analyzing module flopenr (VERI-9002)
INFO: analyzing module flopenrc (VERI-9002)
INFO: analyzing module ALU (VERI-9002)
INFO: analyzing module ROMTop (VERI-9002)
INFO: analyzing module Memory (VERI-9002)
INFO: analyzing module Cache (VERI-9002)
srcscan exits with return value 0
